2004.05.15 17:31 B C:\Jaakko\sorcerers\tower\floor2\MFC5E.tmp --> quest.laeppae.com /guilds/sorcerer/tower/floor2 MFC5E.tmp
2004.05.15 17:31 B C:\Jaakko\sorcerers\tower\floor2\room1.c --> quest.laeppae.com /guilds/sorcerer/tower/floor2 room1.c
2004.05.15 17:32 B C:\Jaakko\sorcerers\tower\floor2\room10.c --> quest.laeppae.com /guilds/sorcerer/tower/floor2 room10.c
2004.05.15 17:32 B C:\Jaakko\sorcerers\tower\floor2\room11.c --> quest.laeppae.com /guilds/sorcerer/tower/floor2 room11.c
2004.05.15 17:32 B C:\Jaakko\sorcerers\tower\floor2\room12.c --> quest.laeppae.com /guilds/sorcerer/tower/floor2 room12.c
2004.05.15 17:32 B C:\Jaakko\sorcerers\tower\floor2\room2.c --> quest.laeppae.com /guilds/sorcerer/tower/floor2 room2.c
2004.05.15 17:32 B C:\Jaakko\sorcerers\tower\floor2\room3.c --> quest.laeppae.com /guilds/sorcerer/tower/floor2 room3.c
2004.05.15 17:32 B C:\Jaakko\sorcerers\tower\floor2\room4.c --> quest.laeppae.com /guilds/sorcerer/tower/floor2 room4.c
2004.05.15 17:32 B C:\Jaakko\sorcerers\tower\floor2\room5.c --> quest.laeppae.com /guilds/sorcerer/tower/floor2 room5.c
2004.05.15 17:32 B C:\Jaakko\sorcerers\tower\floor2\room6.c --> quest.laeppae.com /guilds/sorcerer/tower/floor2 room6.c
2004.05.15 17:32 B C:\Jaakko\sorcerers\tower\floor2\room7.c --> quest.laeppae.com /guilds/sorcerer/tower/floor2 room7.c
2004.05.15 17:32 B C:\Jaakko\sorcerers\tower\floor2\room8.c --> quest.laeppae.com /guilds/sorcerer/tower/floor2 room8.c
2004.05.15 17:32 B C:\Jaakko\sorcerers\tower\floor2\room9.c --> quest.laeppae.com /guilds/sorcerer/tower/floor2 room9.c
2004.05.15 17:34 B C:\Jaakko\sorcerers\tower\floor2\MFC5E.tmp --> quest.laeppae.com /wizards/moonstar/sorcerers/tower/floor2 MFC5E.tmp
2004.05.15 17:34 B C:\Jaakko\sorcerers\tower\floor2\room1.c --> quest.laeppae.com /wizards/moonstar/sorcerers/tower/floor2 room1.c
2004.05.15 17:34 B C:\Jaakko\sorcerers\tower\floor2\room10.c --> quest.laeppae.com /wizards/moonstar/sorcerers/tower/floor2 room10.c
2004.05.15 17:34 B C:\Jaakko\sorcerers\tower\floor2\room11.c --> quest.laeppae.com /wizards/moonstar/sorcerers/tower/floor2 room11.c
2004.05.15 17:34 B C:\Jaakko\sorcerers\tower\floor2\room12.c --> quest.laeppae.com /wizards/moonstar/sorcerers/tower/floor2 room12.c
2004.05.15 17:34 B C:\Jaakko\sorcerers\tower\floor2\room2.c --> quest.laeppae.com /wizards/moonstar/sorcerers/tower/floor2 room2.c
2004.05.15 17:34 B C:\Jaakko\sorcerers\tower\floor2\room3.c --> quest.laeppae.com /wizards/moonstar/sorcerers/tower/floor2 room3.c
2004.05.15 17:34 B C:\Jaakko\sorcerers\tower\floor2\room4.c --> quest.laeppae.com /wizards/moonstar/sorcerers/tower/floor2 room4.c
2004.05.15 17:34 B C:\Jaakko\sorcerers\tower\floor2\room5.c --> quest.laeppae.com /wizards/moonstar/sorcerers/tower/floor2 room5.c
2004.05.15 17:34 B C:\Jaakko\sorcerers\tower\floor2\room6.c --> quest.laeppae.com /wizards/moonstar/sorcerers/tower/floor2 room6.c
2004.05.15 17:34 B C:\Jaakko\sorcerers\tower\floor2\room7.c --> quest.laeppae.com /wizards/moonstar/sorcerers/tower/floor2 room7.c
2004.05.15 17:34 B C:\Jaakko\sorcerers\tower\floor2\room8.c --> quest.laeppae.com /wizards/moonstar/sorcerers/tower/floor2 room8.c
2004.05.15 17:34 B C:\Jaakko\sorcerers\tower\floor2\room9.c --> quest.laeppae.com /wizards/moonstar/sorcerers/tower/floor2 room9.c
2004.05.15 17:34 B C:\Jaakko\sorcerers\tower\floor2\WS_FTP.LOG --> quest.laeppae.com /wizards/moonstar/sorcerers/tower/floor2 WS_FTP.LOG
2004.05.15 17:41 B C:\Jaakko\sorcerers\tower\floor2\room1.c --> quest.laeppae.com /wizards/moonstar/sorcerers/tower/floor2 room1.c
2004.05.15 17:41 B C:\Jaakko\sorcerers\tower\floor2\room10.c --> quest.laeppae.com /wizards/moonstar/sorcerers/tower/floor2 room10.c
2004.05.15 17:41 B C:\Jaakko\sorcerers\tower\floor2\room11.c --> quest.laeppae.com /wizards/moonstar/sorcerers/tower/floor2 room11.c
2004.05.15 17:41 B C:\Jaakko\sorcerers\tower\floor2\room12.c --> quest.laeppae.com /wizards/moonstar/sorcerers/tower/floor2 room12.c
2004.05.15 17:41 B C:\Jaakko\sorcerers\tower\floor2\room2.c --> quest.laeppae.com /wizards/moonstar/sorcerers/tower/floor2 room2.c
2004.05.15 17:41 B C:\Jaakko\sorcerers\tower\floor2\room3.c --> quest.laeppae.com /wizards/moonstar/sorcerers/tower/floor2 room3.c
2004.05.15 17:41 B C:\Jaakko\sorcerers\tower\floor2\room4.c --> quest.laeppae.com /wizards/moonstar/sorcerers/tower/floor2 room4.c
2004.05.15 17:41 B C:\Jaakko\sorcerers\tower\floor2\room5.c --> quest.laeppae.com /wizards/moonstar/sorcerers/tower/floor2 room5.c
2004.05.15 17:41 B C:\Jaakko\sorcerers\tower\floor2\room6.c --> quest.laeppae.com /wizards/moonstar/sorcerers/tower/floor2 room6.c
2004.05.15 17:41 B C:\Jaakko\sorcerers\tower\floor2\room7.c --> quest.laeppae.com /wizards/moonstar/sorcerers/tower/floor2 room7.c
2004.05.15 17:41 B C:\Jaakko\sorcerers\tower\floor2\room8.c --> quest.laeppae.com /wizards/moonstar/sorcerers/tower/floor2 room8.c
2004.05.15 17:41 B C:\Jaakko\sorcerers\tower\floor2\room9.c --> quest.laeppae.com /wizards/moonstar/sorcerers/tower/floor2 room9.c
