2004.03.15 22:16 B C:\Jaakko\darke\city\garden\1e.c <-- quest /wizards/gynter/darke/city/garden 1e.c
2004.03.15 22:16 B C:\Jaakko\darke\city\garden\1g0.c <-- quest /wizards/gynter/darke/city/garden 1g0.c
2004.03.15 22:16 B C:\Jaakko\darke\city\garden\1g1.c <-- quest /wizards/gynter/darke/city/garden 1g1.c
2004.03.15 22:16 B C:\Jaakko\darke\city\garden\1g11.c <-- quest /wizards/gynter/darke/city/garden 1g11.c
2004.03.15 22:16 B C:\Jaakko\darke\city\garden\1g12.c <-- quest /wizards/gynter/darke/city/garden 1g12.c
2004.03.15 22:16 B C:\Jaakko\darke\city\garden\1g13.c <-- quest /wizards/gynter/darke/city/garden 1g13.c
2004.03.15 22:16 B C:\Jaakko\darke\city\garden\1g14.c <-- quest /wizards/gynter/darke/city/garden 1g14.c
2004.03.15 22:16 B C:\Jaakko\darke\city\garden\1g15.c <-- quest /wizards/gynter/darke/city/garden 1g15.c
2004.03.15 22:16 B C:\Jaakko\darke\city\garden\1g16.c <-- quest /wizards/gynter/darke/city/garden 1g16.c
2004.03.15 22:16 B C:\Jaakko\darke\city\garden\1g17.c <-- quest /wizards/gynter/darke/city/garden 1g17.c
2004.03.15 22:16 B C:\Jaakko\darke\city\garden\1g18.c <-- quest /wizards/gynter/darke/city/garden 1g18.c
2004.03.15 22:16 B C:\Jaakko\darke\city\garden\1g19.c <-- quest /wizards/gynter/darke/city/garden 1g19.c
2004.03.15 22:16 B C:\Jaakko\darke\city\garden\1g2.c <-- quest /wizards/gynter/darke/city/garden 1g2.c
2004.03.15 22:16 B C:\Jaakko\darke\city\garden\1g3.c <-- quest /wizards/gynter/darke/city/garden 1g3.c
2004.03.15 22:16 B C:\Jaakko\darke\city\garden\1g4.c <-- quest /wizards/gynter/darke/city/garden 1g4.c
2004.03.15 22:16 B C:\Jaakko\darke\city\garden\1g5.c <-- quest /wizards/gynter/darke/city/garden 1g5.c
2004.03.15 22:16 B C:\Jaakko\darke\city\garden\1g6.c <-- quest /wizards/gynter/darke/city/garden 1g6.c
2004.03.15 22:16 B C:\Jaakko\darke\city\garden\1g7.c <-- quest /wizards/gynter/darke/city/garden 1g7.c
2004.03.15 22:16 B C:\Jaakko\darke\city\garden\1g8.c <-- quest /wizards/gynter/darke/city/garden 1g8.c
2004.03.15 22:16 B C:\Jaakko\darke\city\garden\1g9.c <-- quest /wizards/gynter/darke/city/garden 1g9.c
2004.03.15 22:16 B C:\Jaakko\darke\city\garden\2e.c <-- quest /wizards/gynter/darke/city/garden 2e.c
2004.03.15 22:16 B C:\Jaakko\darke\city\garden\2g0.c <-- quest /wizards/gynter/darke/city/garden 2g0.c
2004.03.15 22:16 B C:\Jaakko\darke\city\garden\2g1.c <-- quest /wizards/gynter/darke/city/garden 2g1.c
2004.03.15 22:16 B C:\Jaakko\darke\city\garden\2g11.c <-- quest /wizards/gynter/darke/city/garden 2g11.c
2004.03.15 22:16 B C:\Jaakko\darke\city\garden\2g12.c <-- quest /wizards/gynter/darke/city/garden 2g12.c
2004.03.15 22:16 B C:\Jaakko\darke\city\garden\2g13.c <-- quest /wizards/gynter/darke/city/garden 2g13.c
2004.03.15 22:16 B C:\Jaakko\darke\city\garden\2g14.c <-- quest /wizards/gynter/darke/city/garden 2g14.c
2004.03.15 22:16 B C:\Jaakko\darke\city\garden\2g15.c <-- quest /wizards/gynter/darke/city/garden 2g15.c
2004.03.15 22:16 B C:\Jaakko\darke\city\garden\2g16.c <-- quest /wizards/gynter/darke/city/garden 2g16.c
2004.03.15 22:16 B C:\Jaakko\darke\city\garden\2g17.c <-- quest /wizards/gynter/darke/city/garden 2g17.c
2004.03.15 22:16 B C:\Jaakko\darke\city\garden\2g18.c <-- quest /wizards/gynter/darke/city/garden 2g18.c
2004.03.15 22:16 B C:\Jaakko\darke\city\garden\2g19.c <-- quest /wizards/gynter/darke/city/garden 2g19.c
2004.03.15 22:16 B C:\Jaakko\darke\city\garden\2g2.c <-- quest /wizards/gynter/darke/city/garden 2g2.c
2004.03.15 22:16 B C:\Jaakko\darke\city\garden\2g3.c <-- quest /wizards/gynter/darke/city/garden 2g3.c
2004.03.15 22:16 B C:\Jaakko\darke\city\garden\2g4.c <-- quest /wizards/gynter/darke/city/garden 2g4.c
2004.03.15 22:16 B C:\Jaakko\darke\city\garden\2g5.c <-- quest /wizards/gynter/darke/city/garden 2g5.c
2004.03.15 22:16 B C:\Jaakko\darke\city\garden\2g6.c <-- quest /wizards/gynter/darke/city/garden 2g6.c
2004.03.15 22:16 B C:\Jaakko\darke\city\garden\2g7.c <-- quest /wizards/gynter/darke/city/garden 2g7.c
2004.03.15 22:17 B C:\Jaakko\darke\city\garden\2g8.c <-- quest /wizards/gynter/darke/city/garden 2g8.c
2004.03.15 22:17 B C:\Jaakko\darke\city\garden\2g9.c <-- quest /wizards/gynter/darke/city/garden 2g9.c
2004.03.15 22:17 B C:\Jaakko\darke\city\garden\3e.c <-- quest /wizards/gynter/darke/city/garden 3e.c
2004.03.15 22:17 B C:\Jaakko\darke\city\garden\3g0.c <-- quest /wizards/gynter/darke/city/garden 3g0.c
2004.03.15 22:17 B C:\Jaakko\darke\city\garden\3g1.c <-- quest /wizards/gynter/darke/city/garden 3g1.c
2004.03.15 22:17 B C:\Jaakko\darke\city\garden\3g11.c <-- quest /wizards/gynter/darke/city/garden 3g11.c
2004.03.15 22:17 B C:\Jaakko\darke\city\garden\3g12.c <-- quest /wizards/gynter/darke/city/garden 3g12.c
2004.03.15 22:17 B C:\Jaakko\darke\city\garden\3g13.c <-- quest /wizards/gynter/darke/city/garden 3g13.c
2004.03.15 22:17 B C:\Jaakko\darke\city\garden\3g14.c <-- quest /wizards/gynter/darke/city/garden 3g14.c
2004.03.15 22:17 B C:\Jaakko\darke\city\garden\3g15.c <-- quest /wizards/gynter/darke/city/garden 3g15.c
2004.03.15 22:17 B C:\Jaakko\darke\city\garden\3g16.c <-- quest /wizards/gynter/darke/city/garden 3g16.c
2004.03.15 22:17 B C:\Jaakko\darke\city\garden\3g17.c <-- quest /wizards/gynter/darke/city/garden 3g17.c
2004.03.15 22:17 B C:\Jaakko\darke\city\garden\3g18.c <-- quest /wizards/gynter/darke/city/garden 3g18.c
2004.03.15 22:17 B C:\Jaakko\darke\city\garden\3g19.c <-- quest /wizards/gynter/darke/city/garden 3g19.c
2004.03.15 22:17 B C:\Jaakko\darke\city\garden\3g2.c <-- quest /wizards/gynter/darke/city/garden 3g2.c
2004.03.15 22:17 B C:\Jaakko\darke\city\garden\3g3.c <-- quest /wizards/gynter/darke/city/garden 3g3.c
2004.03.15 22:17 B C:\Jaakko\darke\city\garden\3g4.c <-- quest /wizards/gynter/darke/city/garden 3g4.c
2004.03.15 22:17 B C:\Jaakko\darke\city\garden\3g5.c <-- quest /wizards/gynter/darke/city/garden 3g5.c
2004.03.15 22:17 B C:\Jaakko\darke\city\garden\3g6.c <-- quest /wizards/gynter/darke/city/garden 3g6.c
2004.03.15 22:17 B C:\Jaakko\darke\city\garden\3g7.c <-- quest /wizards/gynter/darke/city/garden 3g7.c
2004.03.15 22:17 B C:\Jaakko\darke\city\garden\3g8.c <-- quest /wizards/gynter/darke/city/garden 3g8.c
2004.03.15 22:17 B C:\Jaakko\darke\city\garden\3g9.c <-- quest /wizards/gynter/darke/city/garden 3g9.c
2004.03.15 22:17 B C:\Jaakko\darke\city\garden\4e.c <-- quest /wizards/gynter/darke/city/garden 4e.c
2004.03.15 22:17 B C:\Jaakko\darke\city\garden\4g0.c <-- quest /wizards/gynter/darke/city/garden 4g0.c
2004.03.15 22:17 B C:\Jaakko\darke\city\garden\4g1.c <-- quest /wizards/gynter/darke/city/garden 4g1.c
2004.03.15 22:17 B C:\Jaakko\darke\city\garden\4g11.c <-- quest /wizards/gynter/darke/city/garden 4g11.c
2004.03.15 22:17 B C:\Jaakko\darke\city\garden\4g12.c <-- quest /wizards/gynter/darke/city/garden 4g12.c
2004.03.15 22:17 B C:\Jaakko\darke\city\garden\4g13.c <-- quest /wizards/gynter/darke/city/garden 4g13.c
2004.03.15 22:17 B C:\Jaakko\darke\city\garden\4g14.c <-- quest /wizards/gynter/darke/city/garden 4g14.c
2004.03.15 22:17 B C:\Jaakko\darke\city\garden\4g15.c <-- quest /wizards/gynter/darke/city/garden 4g15.c
2004.03.15 22:17 B C:\Jaakko\darke\city\garden\4g16.c <-- quest /wizards/gynter/darke/city/garden 4g16.c
2004.03.15 22:17 B C:\Jaakko\darke\city\garden\4g17.c <-- quest /wizards/gynter/darke/city/garden 4g17.c
2004.03.15 22:17 B C:\Jaakko\darke\city\garden\4g18.c <-- quest /wizards/gynter/darke/city/garden 4g18.c
2004.03.15 22:17 B C:\Jaakko\darke\city\garden\4g19.c <-- quest /wizards/gynter/darke/city/garden 4g19.c
2004.03.15 22:17 B C:\Jaakko\darke\city\garden\4g2.c <-- quest /wizards/gynter/darke/city/garden 4g2.c
2004.03.15 22:17 B C:\Jaakko\darke\city\garden\4g3.c <-- quest /wizards/gynter/darke/city/garden 4g3.c
2004.03.15 22:17 B C:\Jaakko\darke\city\garden\4g4.c <-- quest /wizards/gynter/darke/city/garden 4g4.c
2004.03.15 22:17 B C:\Jaakko\darke\city\garden\4g5.c <-- quest /wizards/gynter/darke/city/garden 4g5.c
2004.03.15 22:17 B C:\Jaakko\darke\city\garden\4g6.c <-- quest /wizards/gynter/darke/city/garden 4g6.c
2004.03.15 22:17 B C:\Jaakko\darke\city\garden\4g7.c <-- quest /wizards/gynter/darke/city/garden 4g7.c
2004.03.15 22:17 B C:\Jaakko\darke\city\garden\4g8.c <-- quest /wizards/gynter/darke/city/garden 4g8.c
2004.03.15 22:17 B C:\Jaakko\darke\city\garden\4g9.c <-- quest /wizards/gynter/darke/city/garden 4g9.c
2004.03.15 22:54 B C:\Jaakko\darke\city\garden\1e.c --> quest.laeppae.com /wizards/moonstar/darke/city/garden 1e.c
2004.03.15 22:54 B C:\Jaakko\darke\city\garden\1g0.c --> quest.laeppae.com /wizards/moonstar/darke/city/garden 1g0.c
2004.03.15 22:54 B C:\Jaakko\darke\city\garden\1g1.c --> quest.laeppae.com /wizards/moonstar/darke/city/garden 1g1.c
2004.03.15 22:54 B C:\Jaakko\darke\city\garden\1g11.c --> quest.laeppae.com /wizards/moonstar/darke/city/garden 1g11.c
2004.03.15 22:54 B C:\Jaakko\darke\city\garden\1g12.c --> quest.laeppae.com /wizards/moonstar/darke/city/garden 1g12.c
2004.03.15 22:54 B C:\Jaakko\darke\city\garden\1g13.c --> quest.laeppae.com /wizards/moonstar/darke/city/garden 1g13.c
2004.03.15 22:54 B C:\Jaakko\darke\city\garden\1g14.c --> quest.laeppae.com /wizards/moonstar/darke/city/garden 1g14.c
2004.03.15 22:54 B C:\Jaakko\darke\city\garden\1g15.c --> quest.laeppae.com /wizards/moonstar/darke/city/garden 1g15.c
2004.03.15 22:54 B C:\Jaakko\darke\city\garden\1g16.c --> quest.laeppae.com /wizards/moonstar/darke/city/garden 1g16.c
2004.03.15 22:54 B C:\Jaakko\darke\city\garden\1g17.c --> quest.laeppae.com /wizards/moonstar/darke/city/garden 1g17.c
2004.03.15 22:54 B C:\Jaakko\darke\city\garden\1g18.c --> quest.laeppae.com /wizards/moonstar/darke/city/garden 1g18.c
2004.03.15 22:54 B C:\Jaakko\darke\city\garden\1g19.c --> quest.laeppae.com /wizards/moonstar/darke/city/garden 1g19.c
2004.03.15 22:54 B C:\Jaakko\darke\city\garden\1g2.c --> quest.laeppae.com /wizards/moonstar/darke/city/garden 1g2.c
2004.03.15 22:54 B C:\Jaakko\darke\city\garden\1g3.c --> quest.laeppae.com /wizards/moonstar/darke/city/garden 1g3.c
2004.03.15 22:54 B C:\Jaakko\darke\city\garden\1g4.c --> quest.laeppae.com /wizards/moonstar/darke/city/garden 1g4.c
2004.03.15 22:54 B C:\Jaakko\darke\city\garden\1g5.c --> quest.laeppae.com /wizards/moonstar/darke/city/garden 1g5.c
2004.03.15 22:54 B C:\Jaakko\darke\city\garden\1g6.c --> quest.laeppae.com /wizards/moonstar/darke/city/garden 1g6.c
2004.03.15 22:54 B C:\Jaakko\darke\city\garden\1g7.c --> quest.laeppae.com /wizards/moonstar/darke/city/garden 1g7.c
2004.03.15 22:54 B C:\Jaakko\darke\city\garden\1g8.c --> quest.laeppae.com /wizards/moonstar/darke/city/garden 1g8.c
2004.03.15 22:54 B C:\Jaakko\darke\city\garden\1g9.c --> quest.laeppae.com /wizards/moonstar/darke/city/garden 1g9.c
2004.03.15 22:54 B C:\Jaakko\darke\city\garden\2e.c --> quest.laeppae.com /wizards/moonstar/darke/city/garden 2e.c
2004.03.15 22:54 B C:\Jaakko\darke\city\garden\2g0.c --> quest.laeppae.com /wizards/moonstar/darke/city/garden 2g0.c
2004.03.15 22:54 B C:\Jaakko\darke\city\garden\2g1.c --> quest.laeppae.com /wizards/moonstar/darke/city/garden 2g1.c
2004.03.15 22:54 B C:\Jaakko\darke\city\garden\2g11.c --> quest.laeppae.com /wizards/moonstar/darke/city/garden 2g11.c
2004.03.15 22:54 B C:\Jaakko\darke\city\garden\2g12.c --> quest.laeppae.com /wizards/moonstar/darke/city/garden 2g12.c
2004.03.15 22:54 B C:\Jaakko\darke\city\garden\2g13.c --> quest.laeppae.com /wizards/moonstar/darke/city/garden 2g13.c
2004.03.15 22:54 B C:\Jaakko\darke\city\garden\2g14.c --> quest.laeppae.com /wizards/moonstar/darke/city/garden 2g14.c
2004.03.15 22:54 B C:\Jaakko\darke\city\garden\2g15.c --> quest.laeppae.com /wizards/moonstar/darke/city/garden 2g15.c
2004.03.15 22:54 B C:\Jaakko\darke\city\garden\2g16.c --> quest.laeppae.com /wizards/moonstar/darke/city/garden 2g16.c
2004.03.15 22:54 B C:\Jaakko\darke\city\garden\2g17.c --> quest.laeppae.com /wizards/moonstar/darke/city/garden 2g17.c
2004.03.15 22:54 B C:\Jaakko\darke\city\garden\2g18.c --> quest.laeppae.com /wizards/moonstar/darke/city/garden 2g18.c
2004.03.15 22:54 B C:\Jaakko\darke\city\garden\2g19.c --> quest.laeppae.com /wizards/moonstar/darke/city/garden 2g19.c
2004.03.15 22:54 B C:\Jaakko\darke\city\garden\2g2.c --> quest.laeppae.com /wizards/moonstar/darke/city/garden 2g2.c
2004.03.15 22:54 B C:\Jaakko\darke\city\garden\2g3.c --> quest.laeppae.com /wizards/moonstar/darke/city/garden 2g3.c
2004.03.15 22:54 B C:\Jaakko\darke\city\garden\2g4.c --> quest.laeppae.com /wizards/moonstar/darke/city/garden 2g4.c
2004.03.15 22:54 B C:\Jaakko\darke\city\garden\2g5.c --> quest.laeppae.com /wizards/moonstar/darke/city/garden 2g5.c
2004.03.15 22:54 B C:\Jaakko\darke\city\garden\2g6.c --> quest.laeppae.com /wizards/moonstar/darke/city/garden 2g6.c
2004.03.15 22:54 B C:\Jaakko\darke\city\garden\2g7.c --> quest.laeppae.com /wizards/moonstar/darke/city/garden 2g7.c
2004.03.15 22:54 B C:\Jaakko\darke\city\garden\2g8.c --> quest.laeppae.com /wizards/moonstar/darke/city/garden 2g8.c
2004.03.15 22:54 B C:\Jaakko\darke\city\garden\2g9.c --> quest.laeppae.com /wizards/moonstar/darke/city/garden 2g9.c
2004.03.15 22:54 B C:\Jaakko\darke\city\garden\3e.c --> quest.laeppae.com /wizards/moonstar/darke/city/garden 3e.c
2004.03.15 22:54 B C:\Jaakko\darke\city\garden\3g0.c --> quest.laeppae.com /wizards/moonstar/darke/city/garden 3g0.c
2004.03.15 22:54 B C:\Jaakko\darke\city\garden\3g1.c --> quest.laeppae.com /wizards/moonstar/darke/city/garden 3g1.c
2004.03.15 22:54 B C:\Jaakko\darke\city\garden\3g11.c --> quest.laeppae.com /wizards/moonstar/darke/city/garden 3g11.c
2004.03.15 22:54 B C:\Jaakko\darke\city\garden\3g12.c --> quest.laeppae.com /wizards/moonstar/darke/city/garden 3g12.c
2004.03.15 22:54 B C:\Jaakko\darke\city\garden\3g13.c --> quest.laeppae.com /wizards/moonstar/darke/city/garden 3g13.c
2004.03.15 22:54 B C:\Jaakko\darke\city\garden\3g14.c --> quest.laeppae.com /wizards/moonstar/darke/city/garden 3g14.c
2004.03.15 22:54 B C:\Jaakko\darke\city\garden\3g15.c --> quest.laeppae.com /wizards/moonstar/darke/city/garden 3g15.c
2004.03.15 22:54 B C:\Jaakko\darke\city\garden\3g16.c --> quest.laeppae.com /wizards/moonstar/darke/city/garden 3g16.c
2004.03.15 22:54 B C:\Jaakko\darke\city\garden\3g17.c --> quest.laeppae.com /wizards/moonstar/darke/city/garden 3g17.c
2004.03.15 22:54 B C:\Jaakko\darke\city\garden\3g18.c --> quest.laeppae.com /wizards/moonstar/darke/city/garden 3g18.c
2004.03.15 22:54 B C:\Jaakko\darke\city\garden\3g19.c --> quest.laeppae.com /wizards/moonstar/darke/city/garden 3g19.c
2004.03.15 22:54 B C:\Jaakko\darke\city\garden\3g2.c --> quest.laeppae.com /wizards/moonstar/darke/city/garden 3g2.c
2004.03.15 22:54 B C:\Jaakko\darke\city\garden\3g3.c --> quest.laeppae.com /wizards/moonstar/darke/city/garden 3g3.c
2004.03.15 22:54 B C:\Jaakko\darke\city\garden\3g4.c --> quest.laeppae.com /wizards/moonstar/darke/city/garden 3g4.c
2004.03.15 22:54 B C:\Jaakko\darke\city\garden\3g5.c --> quest.laeppae.com /wizards/moonstar/darke/city/garden 3g5.c
2004.03.15 22:54 B C:\Jaakko\darke\city\garden\3g6.c --> quest.laeppae.com /wizards/moonstar/darke/city/garden 3g6.c
2004.03.15 22:54 B C:\Jaakko\darke\city\garden\3g7.c --> quest.laeppae.com /wizards/moonstar/darke/city/garden 3g7.c
2004.03.15 22:54 B C:\Jaakko\darke\city\garden\3g8.c --> quest.laeppae.com /wizards/moonstar/darke/city/garden 3g8.c
2004.03.15 22:54 B C:\Jaakko\darke\city\garden\3g9.c --> quest.laeppae.com /wizards/moonstar/darke/city/garden 3g9.c
2004.03.15 22:54 B C:\Jaakko\darke\city\garden\4e.c --> quest.laeppae.com /wizards/moonstar/darke/city/garden 4e.c
2004.03.15 22:54 B C:\Jaakko\darke\city\garden\4g0.c --> quest.laeppae.com /wizards/moonstar/darke/city/garden 4g0.c
2004.03.15 22:54 B C:\Jaakko\darke\city\garden\4g1.c --> quest.laeppae.com /wizards/moonstar/darke/city/garden 4g1.c
2004.03.15 22:55 B C:\Jaakko\darke\city\garden\4g11.c --> quest.laeppae.com /wizards/moonstar/darke/city/garden 4g11.c
2004.03.15 22:55 B C:\Jaakko\darke\city\garden\4g12.c --> quest.laeppae.com /wizards/moonstar/darke/city/garden 4g12.c
2004.03.15 22:55 B C:\Jaakko\darke\city\garden\4g13.c --> quest.laeppae.com /wizards/moonstar/darke/city/garden 4g13.c
2004.03.15 22:55 B C:\Jaakko\darke\city\garden\4g14.c --> quest.laeppae.com /wizards/moonstar/darke/city/garden 4g14.c
2004.03.15 22:55 B C:\Jaakko\darke\city\garden\4g15.c --> quest.laeppae.com /wizards/moonstar/darke/city/garden 4g15.c
2004.03.15 22:55 B C:\Jaakko\darke\city\garden\4g16.c --> quest.laeppae.com /wizards/moonstar/darke/city/garden 4g16.c
2004.03.15 22:55 B C:\Jaakko\darke\city\garden\4g17.c --> quest.laeppae.com /wizards/moonstar/darke/city/garden 4g17.c
2004.03.15 22:55 B C:\Jaakko\darke\city\garden\4g18.c --> quest.laeppae.com /wizards/moonstar/darke/city/garden 4g18.c
2004.03.15 22:55 B C:\Jaakko\darke\city\garden\4g19.c --> quest.laeppae.com /wizards/moonstar/darke/city/garden 4g19.c
2004.03.15 22:55 B C:\Jaakko\darke\city\garden\4g2.c --> quest.laeppae.com /wizards/moonstar/darke/city/garden 4g2.c
2004.03.15 22:55 B C:\Jaakko\darke\city\garden\4g3.c --> quest.laeppae.com /wizards/moonstar/darke/city/garden 4g3.c
2004.03.15 22:55 B C:\Jaakko\darke\city\garden\4g4.c --> quest.laeppae.com /wizards/moonstar/darke/city/garden 4g4.c
2004.03.15 22:55 B C:\Jaakko\darke\city\garden\4g5.c --> quest.laeppae.com /wizards/moonstar/darke/city/garden 4g5.c
2004.03.15 22:55 B C:\Jaakko\darke\city\garden\4g6.c --> quest.laeppae.com /wizards/moonstar/darke/city/garden 4g6.c
2004.03.15 22:55 B C:\Jaakko\darke\city\garden\4g7.c --> quest.laeppae.com /wizards/moonstar/darke/city/garden 4g7.c
2004.03.15 22:55 B C:\Jaakko\darke\city\garden\4g8.c --> quest.laeppae.com /wizards/moonstar/darke/city/garden 4g8.c
2004.03.15 22:55 B C:\Jaakko\darke\city\garden\4g9.c --> quest.laeppae.com /wizards/moonstar/darke/city/garden 4g9.c
2004.03.15 22:55 B C:\Jaakko\darke\city\garden\WS_FTP.LOG --> quest.laeppae.com /wizards/moonstar/darke/city/garden WS_FTP.LOG
2004.03.15 22:57 B C:\Jaakko\darke\city\garden\1g0.c --> quest.laeppae.com /wizards/gynter/darke/city/garden 1g0.c
2004.03.15 22:57 B C:\Jaakko\darke\city\garden\1g1.c --> quest.laeppae.com /wizards/gynter/darke/city/garden 1g1.c
2004.03.15 22:57 B C:\Jaakko\darke\city\garden\1g11.c --> quest.laeppae.com /wizards/gynter/darke/city/garden 1g11.c
2004.03.15 22:57 B C:\Jaakko\darke\city\garden\1g12.c --> quest.laeppae.com /wizards/gynter/darke/city/garden 1g12.c
2004.03.15 22:57 B C:\Jaakko\darke\city\garden\1g13.c --> quest.laeppae.com /wizards/gynter/darke/city/garden 1g13.c
2004.03.15 22:57 B C:\Jaakko\darke\city\garden\1g14.c --> quest.laeppae.com /wizards/gynter/darke/city/garden 1g14.c
2004.03.15 22:57 B C:\Jaakko\darke\city\garden\1g15.c --> quest.laeppae.com /wizards/gynter/darke/city/garden 1g15.c
2004.03.15 22:57 B C:\Jaakko\darke\city\garden\1g16.c --> quest.laeppae.com /wizards/gynter/darke/city/garden 1g16.c
2004.03.15 22:57 B C:\Jaakko\darke\city\garden\1g17.c --> quest.laeppae.com /wizards/gynter/darke/city/garden 1g17.c
2004.03.15 22:57 B C:\Jaakko\darke\city\garden\1g18.c --> quest.laeppae.com /wizards/gynter/darke/city/garden 1g18.c
2004.03.15 22:57 B C:\Jaakko\darke\city\garden\1g19.c --> quest.laeppae.com /wizards/gynter/darke/city/garden 1g19.c
2004.03.15 22:57 B C:\Jaakko\darke\city\garden\1g2.c --> quest.laeppae.com /wizards/gynter/darke/city/garden 1g2.c
2004.03.15 22:57 B C:\Jaakko\darke\city\garden\1g3.c --> quest.laeppae.com /wizards/gynter/darke/city/garden 1g3.c
2004.03.15 22:57 B C:\Jaakko\darke\city\garden\1g4.c --> quest.laeppae.com /wizards/gynter/darke/city/garden 1g4.c
2004.03.15 22:57 B C:\Jaakko\darke\city\garden\1g5.c --> quest.laeppae.com /wizards/gynter/darke/city/garden 1g5.c
2004.03.15 22:57 B C:\Jaakko\darke\city\garden\1g6.c --> quest.laeppae.com /wizards/gynter/darke/city/garden 1g6.c
2004.03.15 22:57 B C:\Jaakko\darke\city\garden\1g7.c --> quest.laeppae.com /wizards/gynter/darke/city/garden 1g7.c
2004.03.15 22:57 B C:\Jaakko\darke\city\garden\1g8.c --> quest.laeppae.com /wizards/gynter/darke/city/garden 1g8.c
2004.03.15 22:57 B C:\Jaakko\darke\city\garden\1g9.c --> quest.laeppae.com /wizards/gynter/darke/city/garden 1g9.c
2004.03.15 22:57 B C:\Jaakko\darke\city\garden\2g0.c --> quest.laeppae.com /wizards/gynter/darke/city/garden 2g0.c
2004.03.15 22:57 B C:\Jaakko\darke\city\garden\2g1.c --> quest.laeppae.com /wizards/gynter/darke/city/garden 2g1.c
2004.03.15 22:57 B C:\Jaakko\darke\city\garden\2g11.c --> quest.laeppae.com /wizards/gynter/darke/city/garden 2g11.c
2004.03.15 22:57 B C:\Jaakko\darke\city\garden\2g12.c --> quest.laeppae.com /wizards/gynter/darke/city/garden 2g12.c
2004.03.15 22:57 B C:\Jaakko\darke\city\garden\2g13.c --> quest.laeppae.com /wizards/gynter/darke/city/garden 2g13.c
2004.03.15 22:57 B C:\Jaakko\darke\city\garden\2g14.c --> quest.laeppae.com /wizards/gynter/darke/city/garden 2g14.c
2004.03.15 22:57 B C:\Jaakko\darke\city\garden\2g15.c --> quest.laeppae.com /wizards/gynter/darke/city/garden 2g15.c
2004.03.15 22:57 B C:\Jaakko\darke\city\garden\2g16.c --> quest.laeppae.com /wizards/gynter/darke/city/garden 2g16.c
2004.03.15 22:57 B C:\Jaakko\darke\city\garden\2g17.c --> quest.laeppae.com /wizards/gynter/darke/city/garden 2g17.c
2004.03.15 22:57 B C:\Jaakko\darke\city\garden\2g18.c --> quest.laeppae.com /wizards/gynter/darke/city/garden 2g18.c
2004.03.15 22:57 B C:\Jaakko\darke\city\garden\2g19.c --> quest.laeppae.com /wizards/gynter/darke/city/garden 2g19.c
2004.03.15 22:57 B C:\Jaakko\darke\city\garden\2g2.c --> quest.laeppae.com /wizards/gynter/darke/city/garden 2g2.c
2004.03.15 22:57 B C:\Jaakko\darke\city\garden\2g3.c --> quest.laeppae.com /wizards/gynter/darke/city/garden 2g3.c
2004.03.15 22:57 B C:\Jaakko\darke\city\garden\2g4.c --> quest.laeppae.com /wizards/gynter/darke/city/garden 2g4.c
2004.03.15 22:57 B C:\Jaakko\darke\city\garden\2g5.c --> quest.laeppae.com /wizards/gynter/darke/city/garden 2g5.c
2004.03.15 22:57 B C:\Jaakko\darke\city\garden\2g6.c --> quest.laeppae.com /wizards/gynter/darke/city/garden 2g6.c
2004.03.15 22:57 B C:\Jaakko\darke\city\garden\2g7.c --> quest.laeppae.com /wizards/gynter/darke/city/garden 2g7.c
2004.03.15 22:57 B C:\Jaakko\darke\city\garden\2g8.c --> quest.laeppae.com /wizards/gynter/darke/city/garden 2g8.c
2004.03.15 22:57 B C:\Jaakko\darke\city\garden\2g9.c --> quest.laeppae.com /wizards/gynter/darke/city/garden 2g9.c
2004.03.15 22:57 B C:\Jaakko\darke\city\garden\3g0.c --> quest.laeppae.com /wizards/gynter/darke/city/garden 3g0.c
2004.03.15 22:57 B C:\Jaakko\darke\city\garden\3g1.c --> quest.laeppae.com /wizards/gynter/darke/city/garden 3g1.c
2004.03.15 22:57 B C:\Jaakko\darke\city\garden\3g11.c --> quest.laeppae.com /wizards/gynter/darke/city/garden 3g11.c
2004.03.15 22:57 B C:\Jaakko\darke\city\garden\3g12.c --> quest.laeppae.com /wizards/gynter/darke/city/garden 3g12.c
2004.03.15 22:57 B C:\Jaakko\darke\city\garden\3g13.c --> quest.laeppae.com /wizards/gynter/darke/city/garden 3g13.c
2004.03.15 22:57 B C:\Jaakko\darke\city\garden\3g14.c --> quest.laeppae.com /wizards/gynter/darke/city/garden 3g14.c
2004.03.15 22:57 B C:\Jaakko\darke\city\garden\3g15.c --> quest.laeppae.com /wizards/gynter/darke/city/garden 3g15.c
2004.03.15 22:57 B C:\Jaakko\darke\city\garden\3g16.c --> quest.laeppae.com /wizards/gynter/darke/city/garden 3g16.c
2004.03.15 22:57 B C:\Jaakko\darke\city\garden\3g17.c --> quest.laeppae.com /wizards/gynter/darke/city/garden 3g17.c
2004.03.15 22:57 B C:\Jaakko\darke\city\garden\3g18.c --> quest.laeppae.com /wizards/gynter/darke/city/garden 3g18.c
2004.03.15 22:58 B C:\Jaakko\darke\city\garden\3g19.c --> quest.laeppae.com /wizards/gynter/darke/city/garden 3g19.c
2004.03.15 22:58 B C:\Jaakko\darke\city\garden\3g2.c --> quest.laeppae.com /wizards/gynter/darke/city/garden 3g2.c
2004.03.15 22:58 B C:\Jaakko\darke\city\garden\3g3.c --> quest.laeppae.com /wizards/gynter/darke/city/garden 3g3.c
2004.03.15 22:58 B C:\Jaakko\darke\city\garden\3g4.c --> quest.laeppae.com /wizards/gynter/darke/city/garden 3g4.c
2004.03.15 22:58 B C:\Jaakko\darke\city\garden\3g5.c --> quest.laeppae.com /wizards/gynter/darke/city/garden 3g5.c
2004.03.15 22:58 B C:\Jaakko\darke\city\garden\3g6.c --> quest.laeppae.com /wizards/gynter/darke/city/garden 3g6.c
2004.03.15 22:58 B C:\Jaakko\darke\city\garden\3g7.c --> quest.laeppae.com /wizards/gynter/darke/city/garden 3g7.c
2004.03.15 22:58 B C:\Jaakko\darke\city\garden\3g8.c --> quest.laeppae.com /wizards/gynter/darke/city/garden 3g8.c
2004.03.15 22:58 B C:\Jaakko\darke\city\garden\3g9.c --> quest.laeppae.com /wizards/gynter/darke/city/garden 3g9.c
2004.03.15 22:58 B C:\Jaakko\darke\city\garden\4g0.c --> quest.laeppae.com /wizards/gynter/darke/city/garden 4g0.c
2004.03.15 22:58 B C:\Jaakko\darke\city\garden\4g1.c --> quest.laeppae.com /wizards/gynter/darke/city/garden 4g1.c
2004.03.15 22:58 B C:\Jaakko\darke\city\garden\4g11.c --> quest.laeppae.com /wizards/gynter/darke/city/garden 4g11.c
2004.03.15 22:58 B C:\Jaakko\darke\city\garden\4g12.c --> quest.laeppae.com /wizards/gynter/darke/city/garden 4g12.c
2004.03.15 22:58 B C:\Jaakko\darke\city\garden\4g13.c --> quest.laeppae.com /wizards/gynter/darke/city/garden 4g13.c
2004.03.15 22:58 B C:\Jaakko\darke\city\garden\4g14.c --> quest.laeppae.com /wizards/gynter/darke/city/garden 4g14.c
2004.03.15 22:58 B C:\Jaakko\darke\city\garden\4g15.c --> quest.laeppae.com /wizards/gynter/darke/city/garden 4g15.c
2004.03.15 22:58 B C:\Jaakko\darke\city\garden\4g16.c --> quest.laeppae.com /wizards/gynter/darke/city/garden 4g16.c
2004.03.15 22:58 B C:\Jaakko\darke\city\garden\4g18.c --> quest.laeppae.com /wizards/gynter/darke/city/garden 4g18.c
2004.03.15 22:58 B C:\Jaakko\darke\city\garden\4g19.c --> quest.laeppae.com /wizards/gynter/darke/city/garden 4g19.c
2004.03.15 22:58 B C:\Jaakko\darke\city\garden\4g2.c --> quest.laeppae.com /wizards/gynter/darke/city/garden 4g2.c
2004.03.15 22:58 B C:\Jaakko\darke\city\garden\4g3.c --> quest.laeppae.com /wizards/gynter/darke/city/garden 4g3.c
2004.03.15 22:58 B C:\Jaakko\darke\city\garden\4g4.c --> quest.laeppae.com /wizards/gynter/darke/city/garden 4g4.c
2004.03.15 22:58 B C:\Jaakko\darke\city\garden\4g5.c --> quest.laeppae.com /wizards/gynter/darke/city/garden 4g5.c
2004.03.15 22:58 B C:\Jaakko\darke\city\garden\4g6.c --> quest.laeppae.com /wizards/gynter/darke/city/garden 4g6.c
2004.03.15 22:58 B C:\Jaakko\darke\city\garden\4g7.c --> quest.laeppae.com /wizards/gynter/darke/city/garden 4g7.c
2004.03.15 22:58 B C:\Jaakko\darke\city\garden\4g8.c --> quest.laeppae.com /wizards/gynter/darke/city/garden 4g8.c
2004.03.15 22:58 B C:\Jaakko\darke\city\garden\4g9.c --> quest.laeppae.com /wizards/gynter/darke/city/garden 4g9.c
