2004.03.15 22:17 B C:\Jaakko\darke\city\bcity1.c <-- quest /wizards/gynter/darke/city bcity1.c
2004.03.15 22:17 B C:\Jaakko\darke\city\bcity2.c <-- quest /wizards/gynter/darke/city bcity2.c
2004.03.15 22:17 B C:\Jaakko\darke\city\Ccity.c <-- quest /wizards/gynter/darke/city Ccity.c
2004.03.15 22:17 B C:\Jaakko\darke\city\Ecity.c <-- quest /wizards/gynter/darke/city Ecity.c
2004.03.15 22:17 B C:\Jaakko\darke\city\Fcity1.c <-- quest /wizards/gynter/darke/city Fcity1.c
2004.03.15 22:17 B C:\Jaakko\darke\city\Fcity2.c <-- quest /wizards/gynter/darke/city Fcity2.c
2004.03.15 22:17 B C:\Jaakko\darke\city\gcity1.c <-- quest /wizards/gynter/darke/city gcity1.c
2004.03.15 22:17 B C:\Jaakko\darke\city\gcity2.c <-- quest /wizards/gynter/darke/city gcity2.c
2004.03.15 22:17 B C:\Jaakko\darke\city\gcity3.c <-- quest /wizards/gynter/darke/city gcity3.c
2004.03.15 22:17 B C:\Jaakko\darke\city\gcity4.c <-- quest /wizards/gynter/darke/city gcity4.c
2004.03.15 22:17 B C:\Jaakko\darke\city\gcity5.c <-- quest /wizards/gynter/darke/city gcity5.c
2004.03.15 22:17 B C:\Jaakko\darke\city\gcity6.c <-- quest /wizards/gynter/darke/city gcity6.c
2004.03.15 22:17 B C:\Jaakko\darke\city\gcity7.c <-- quest /wizards/gynter/darke/city gcity7.c
2004.03.15 22:17 B C:\Jaakko\darke\city\gcity8.c <-- quest /wizards/gynter/darke/city gcity8.c
2004.03.15 22:17 B C:\Jaakko\darke\city\Orcity1.c <-- quest /wizards/gynter/darke/city Orcity1.c
2004.03.15 22:18 B C:\Jaakko\darke\city\Orcity2.c <-- quest /wizards/gynter/darke/city Orcity2.c
2004.03.15 22:18 B C:\Jaakko\darke\city\Orcity3.c <-- quest /wizards/gynter/darke/city Orcity3.c
2004.03.15 22:18 B C:\Jaakko\darke\city\Rcity1.c <-- quest /wizards/gynter/darke/city Rcity1.c
2004.03.15 22:18 B C:\Jaakko\darke\city\Rcity2.c <-- quest /wizards/gynter/darke/city Rcity2.c
2004.03.15 22:18 B C:\Jaakko\darke\city\Rcity3.c <-- quest /wizards/gynter/darke/city Rcity3.c
2004.03.15 22:18 B C:\Jaakko\darke\city\Rcity4.c <-- quest /wizards/gynter/darke/city Rcity4.c
2004.03.15 22:18 B C:\Jaakko\darke\city\Rcity5.c <-- quest /wizards/gynter/darke/city Rcity5.c
2004.03.15 22:18 B C:\Jaakko\darke\city\Rcity6.c <-- quest /wizards/gynter/darke/city Rcity6.c
2004.03.15 22:18 B C:\Jaakko\darke\city\Rcity7.c <-- quest /wizards/gynter/darke/city Rcity7.c
2004.03.15 22:18 B C:\Jaakko\darke\city\Rcity8.c <-- quest /wizards/gynter/darke/city Rcity8.c
2004.03.15 22:18 B C:\Jaakko\darke\city\Rcity9.c <-- quest /wizards/gynter/darke/city Rcity9.c
2004.03.15 22:18 B C:\Jaakko\darke\city\Scity1.c <-- quest /wizards/gynter/darke/city Scity1.c
2004.03.15 22:18 B C:\Jaakko\darke\city\Scity2.c <-- quest /wizards/gynter/darke/city Scity2.c
2004.03.15 22:18 B C:\Jaakko\darke\city\Scity3.c <-- quest /wizards/gynter/darke/city Scity3.c
2004.03.15 22:18 B C:\Jaakko\darke\city\Scity4.c <-- quest /wizards/gynter/darke/city Scity4.c
2004.03.15 22:18 B C:\Jaakko\darke\city\Scity5.c <-- quest /wizards/gynter/darke/city Scity5.c
2004.03.15 22:18 B C:\Jaakko\darke\city\Scity6.c <-- quest /wizards/gynter/darke/city Scity6.c
2004.03.15 22:18 B C:\Jaakko\darke\city\Scity7.c <-- quest /wizards/gynter/darke/city Scity7.c
2004.03.15 22:18 B C:\Jaakko\darke\city\Tcity.c <-- quest /wizards/gynter/darke/city Tcity.c
2004.03.15 22:18 B C:\Jaakko\darke\city\Wcity1.c <-- quest /wizards/gynter/darke/city Wcity1.c
2004.03.15 22:18 B C:\Jaakko\darke\city\Wcity2.c <-- quest /wizards/gynter/darke/city Wcity2.c
2004.03.15 22:18 B C:\Jaakko\darke\city\Wcity3.c <-- quest /wizards/gynter/darke/city Wcity3.c
2004.03.15 22:18 B C:\Jaakko\darke\city\Wcity4.c <-- quest /wizards/gynter/darke/city Wcity4.c
2004.03.15 22:55 B C:\Jaakko\darke\city\bcity1.c --> quest.laeppae.com /wizards/moonstar/darke/city bcity1.c
2004.03.15 22:55 B C:\Jaakko\darke\city\bcity2.c --> quest.laeppae.com /wizards/moonstar/darke/city bcity2.c
2004.03.15 22:55 B C:\Jaakko\darke\city\Ccity.c --> quest.laeppae.com /wizards/moonstar/darke/city Ccity.c
2004.03.15 22:55 B C:\Jaakko\darke\city\Ecity.c --> quest.laeppae.com /wizards/moonstar/darke/city Ecity.c
2004.03.15 22:55 B C:\Jaakko\darke\city\Fcity1.c --> quest.laeppae.com /wizards/moonstar/darke/city Fcity1.c
2004.03.15 22:55 B C:\Jaakko\darke\city\Fcity2.c --> quest.laeppae.com /wizards/moonstar/darke/city Fcity2.c
2004.03.15 22:55 B C:\Jaakko\darke\city\gcity1.c --> quest.laeppae.com /wizards/moonstar/darke/city gcity1.c
2004.03.15 22:55 B C:\Jaakko\darke\city\gcity2.c --> quest.laeppae.com /wizards/moonstar/darke/city gcity2.c
2004.03.15 22:55 B C:\Jaakko\darke\city\gcity3.c --> quest.laeppae.com /wizards/moonstar/darke/city gcity3.c
2004.03.15 22:55 B C:\Jaakko\darke\city\gcity4.c --> quest.laeppae.com /wizards/moonstar/darke/city gcity4.c
2004.03.15 22:55 B C:\Jaakko\darke\city\gcity5.c --> quest.laeppae.com /wizards/moonstar/darke/city gcity5.c
2004.03.15 22:55 B C:\Jaakko\darke\city\gcity6.c --> quest.laeppae.com /wizards/moonstar/darke/city gcity6.c
2004.03.15 22:55 B C:\Jaakko\darke\city\gcity7.c --> quest.laeppae.com /wizards/moonstar/darke/city gcity7.c
2004.03.15 22:55 B C:\Jaakko\darke\city\gcity8.c --> quest.laeppae.com /wizards/moonstar/darke/city gcity8.c
2004.03.15 22:55 B C:\Jaakko\darke\city\Orcity1.c --> quest.laeppae.com /wizards/moonstar/darke/city Orcity1.c
2004.03.15 22:55 B C:\Jaakko\darke\city\Orcity2.c --> quest.laeppae.com /wizards/moonstar/darke/city Orcity2.c
2004.03.15 22:55 B C:\Jaakko\darke\city\Orcity3.c --> quest.laeppae.com /wizards/moonstar/darke/city Orcity3.c
2004.03.15 22:55 B C:\Jaakko\darke\city\Rcity1.c --> quest.laeppae.com /wizards/moonstar/darke/city Rcity1.c
2004.03.15 22:55 B C:\Jaakko\darke\city\Rcity2.c --> quest.laeppae.com /wizards/moonstar/darke/city Rcity2.c
2004.03.15 22:55 B C:\Jaakko\darke\city\Rcity3.c --> quest.laeppae.com /wizards/moonstar/darke/city Rcity3.c
2004.03.15 22:55 B C:\Jaakko\darke\city\Rcity4.c --> quest.laeppae.com /wizards/moonstar/darke/city Rcity4.c
2004.03.15 22:55 B C:\Jaakko\darke\city\Rcity5.c --> quest.laeppae.com /wizards/moonstar/darke/city Rcity5.c
2004.03.15 22:55 B C:\Jaakko\darke\city\Rcity6.c --> quest.laeppae.com /wizards/moonstar/darke/city Rcity6.c
2004.03.15 22:55 B C:\Jaakko\darke\city\Rcity7.c --> quest.laeppae.com /wizards/moonstar/darke/city Rcity7.c
2004.03.15 22:55 B C:\Jaakko\darke\city\Rcity8.c --> quest.laeppae.com /wizards/moonstar/darke/city Rcity8.c
2004.03.15 22:55 B C:\Jaakko\darke\city\Rcity9.c --> quest.laeppae.com /wizards/moonstar/darke/city Rcity9.c
2004.03.15 22:55 B C:\Jaakko\darke\city\Scity1.c --> quest.laeppae.com /wizards/moonstar/darke/city Scity1.c
2004.03.15 22:55 B C:\Jaakko\darke\city\Scity2.c --> quest.laeppae.com /wizards/moonstar/darke/city Scity2.c
2004.03.15 22:55 B C:\Jaakko\darke\city\Scity3.c --> quest.laeppae.com /wizards/moonstar/darke/city Scity3.c
2004.03.15 22:55 B C:\Jaakko\darke\city\Scity4.c --> quest.laeppae.com /wizards/moonstar/darke/city Scity4.c
2004.03.15 22:55 B C:\Jaakko\darke\city\Scity5.c --> quest.laeppae.com /wizards/moonstar/darke/city Scity5.c
2004.03.15 22:55 B C:\Jaakko\darke\city\Scity6.c --> quest.laeppae.com /wizards/moonstar/darke/city Scity6.c
2004.03.15 22:55 B C:\Jaakko\darke\city\Scity7.c --> quest.laeppae.com /wizards/moonstar/darke/city Scity7.c
2004.03.15 22:55 B C:\Jaakko\darke\city\Tcity.c --> quest.laeppae.com /wizards/moonstar/darke/city Tcity.c
2004.03.15 22:55 B C:\Jaakko\darke\city\Wcity1.c --> quest.laeppae.com /wizards/moonstar/darke/city Wcity1.c
2004.03.15 22:55 B C:\Jaakko\darke\city\Wcity2.c --> quest.laeppae.com /wizards/moonstar/darke/city Wcity2.c
2004.03.15 22:55 B C:\Jaakko\darke\city\Wcity3.c --> quest.laeppae.com /wizards/moonstar/darke/city Wcity3.c
2004.03.15 22:55 B C:\Jaakko\darke\city\Wcity4.c --> quest.laeppae.com /wizards/moonstar/darke/city Wcity4.c
2004.03.15 22:55 B C:\Jaakko\darke\city\WS_FTP.LOG --> quest.laeppae.com /wizards/moonstar/darke/city WS_FTP.LOG
2004.03.15 22:58 B C:\Jaakko\darke\city\bcity1.c --> quest.laeppae.com /wizards/gynter/darke/city bcity1.c
2004.03.15 22:58 B C:\Jaakko\darke\city\bcity2.c --> quest.laeppae.com /wizards/gynter/darke/city bcity2.c
2004.03.15 22:58 B C:\Jaakko\darke\city\Ecity.c --> quest.laeppae.com /wizards/gynter/darke/city Ecity.c
2004.03.15 22:58 B C:\Jaakko\darke\city\gcity1.c --> quest.laeppae.com /wizards/gynter/darke/city gcity1.c
2004.03.15 22:58 B C:\Jaakko\darke\city\gcity2.c --> quest.laeppae.com /wizards/gynter/darke/city gcity2.c
2004.03.15 22:58 B C:\Jaakko\darke\city\gcity3.c --> quest.laeppae.com /wizards/gynter/darke/city gcity3.c
2004.03.15 22:58 B C:\Jaakko\darke\city\gcity4.c --> quest.laeppae.com /wizards/gynter/darke/city gcity4.c
2004.03.15 22:58 B C:\Jaakko\darke\city\gcity5.c --> quest.laeppae.com /wizards/gynter/darke/city gcity5.c
2004.03.15 22:58 B C:\Jaakko\darke\city\gcity6.c --> quest.laeppae.com /wizards/gynter/darke/city gcity6.c
2004.03.15 22:58 B C:\Jaakko\darke\city\gcity7.c --> quest.laeppae.com /wizards/gynter/darke/city gcity7.c
2004.03.15 22:58 B C:\Jaakko\darke\city\gcity8.c --> quest.laeppae.com /wizards/gynter/darke/city gcity8.c
2004.03.15 22:58 B C:\Jaakko\darke\city\Orcity1.c --> quest.laeppae.com /wizards/gynter/darke/city Orcity1.c
2004.03.15 22:58 B C:\Jaakko\darke\city\Orcity2.c --> quest.laeppae.com /wizards/gynter/darke/city Orcity2.c
2004.03.15 22:58 B C:\Jaakko\darke\city\Orcity3.c --> quest.laeppae.com /wizards/gynter/darke/city Orcity3.c
2004.03.15 22:58 B C:\Jaakko\darke\city\Rcity1.c --> quest.laeppae.com /wizards/gynter/darke/city Rcity1.c
2004.03.15 22:58 B C:\Jaakko\darke\city\Rcity2.c --> quest.laeppae.com /wizards/gynter/darke/city Rcity2.c
2004.03.15 22:58 B C:\Jaakko\darke\city\Rcity3.c --> quest.laeppae.com /wizards/gynter/darke/city Rcity3.c
2004.03.15 22:58 B C:\Jaakko\darke\city\Rcity4.c --> quest.laeppae.com /wizards/gynter/darke/city Rcity4.c
2004.03.15 22:58 B C:\Jaakko\darke\city\Rcity5.c --> quest.laeppae.com /wizards/gynter/darke/city Rcity5.c
2004.03.15 22:58 B C:\Jaakko\darke\city\Rcity6.c --> quest.laeppae.com /wizards/gynter/darke/city Rcity6.c
2004.03.15 22:58 B C:\Jaakko\darke\city\Rcity7.c --> quest.laeppae.com /wizards/gynter/darke/city Rcity7.c
2004.03.15 22:58 B C:\Jaakko\darke\city\Rcity8.c --> quest.laeppae.com /wizards/gynter/darke/city Rcity8.c
2004.03.15 22:58 B C:\Jaakko\darke\city\Rcity9.c --> quest.laeppae.com /wizards/gynter/darke/city Rcity9.c
2004.03.15 22:58 B C:\Jaakko\darke\city\Scity1.c --> quest.laeppae.com /wizards/gynter/darke/city Scity1.c
2004.03.15 22:58 B C:\Jaakko\darke\city\Scity2.c --> quest.laeppae.com /wizards/gynter/darke/city Scity2.c
2004.03.15 22:58 B C:\Jaakko\darke\city\Scity3.c --> quest.laeppae.com /wizards/gynter/darke/city Scity3.c
2004.03.15 22:58 B C:\Jaakko\darke\city\Scity4.c --> quest.laeppae.com /wizards/gynter/darke/city Scity4.c
2004.03.15 22:58 B C:\Jaakko\darke\city\Scity5.c --> quest.laeppae.com /wizards/gynter/darke/city Scity5.c
2004.03.15 22:58 B C:\Jaakko\darke\city\Scity6.c --> quest.laeppae.com /wizards/gynter/darke/city Scity6.c
2004.03.15 22:58 B C:\Jaakko\darke\city\Scity7.c --> quest.laeppae.com /wizards/gynter/darke/city Scity7.c
2004.03.15 22:58 B C:\Jaakko\darke\city\Wcity1.c --> quest.laeppae.com /wizards/gynter/darke/city Wcity1.c
2004.03.15 22:58 B C:\Jaakko\darke\city\Wcity2.c --> quest.laeppae.com /wizards/gynter/darke/city Wcity2.c
2004.03.15 22:58 B C:\Jaakko\darke\city\Wcity3.c --> quest.laeppae.com /wizards/gynter/darke/city Wcity3.c
2004.03.15 22:58 B C:\Jaakko\darke\city\Wcity4.c --> quest.laeppae.com /wizards/gynter/darke/city Wcity4.c
