[01:40] Garath [1m<drago>[0m: hihi
[01:40] Jenny [1m<drago>[0m: nose
[01:40] Garath [1m<drago>[0m: siikret namii
[01:40] Jenny [1m<drago>[0m: mullaha oli jo kerra taa
[01:40] Garath [1m<drago>[0m: nods
[01:41] Jenny [1m<drago>[0m: koitaha nyt vaihtaa ton slot
[01:41] Jenny [1m<drago>[0m: jaksa inventoris
[01:41] Jenny [1m<drago>[0m: ja equa en paalt ota :P
[01:41] Jenny [1m<drago>[0m: yllari yllari joka slot kaytos :P
[01:41] Garath [1m<drago>[0m: Ei toimi wear
[01:41] Jenny [1m<drago>[0m: You already have a neck slot eq worn.
[01:41] Jenny [1m<drago>[0m: pista pepe slottii se
[01:46] Jenny [1m<drago>[0m: piipaa
[01:46] Jenny [1m<drago>[0m: toimii toimii
[03:51] Garath [1m<drago>[0m: Anna mun kaikki kestaa :P
[03:51] Jenny [1m<drago>[0m: no miks :P
[03:52] Garath [1m<drago>[0m: No Fantasyt ja Deuxit
[03:52] Jenny [1m<drago>[0m: hihi
[03:52] Garath [1m<drago>[0m: heh :P
[03:52] Jenny [1m<drago>[0m: niita o monee junaa
[03:52] Jenny [1m<drago>[0m: suklaajunia!
[11:09] Jenny [1m<drago>[0m: piipaa
[12:14] Garath [1m<drago>[0m: ?
[13:24] Jenny [1m<drago>[0m: bliblib
[13:28] Jenny [1m<drago>[0m: tanne pitaa saada drago last
[13:31] Garath [1m<drago>[0m: Tas o
[13:31] Jenny [1m<drago>[0m: ei toimi mul
[13:31] Garath [1m<drago>[0m: Mul toimii :P
[13:32] Jenny [1m<drago>[0m: pistan drago last ni tulee 0
[13:32] Garath [1m<drago>[0m: Viel iha buenosti :P
[13:32] Garath [1m<drago>[0m: Nalle yritt‰‰ iskee mua tjsp
[13:32] Jenny [1m<drago>[0m: lol
[13:32] Garath [1m<drago>[0m: [13:31] Nalle tells you 'murr!'
[13:32] Garath [1m<drago>[0m: [13:32] Nalle tells you 'mit‰s jannu?'
[13:32] Jenny [1m<drago>[0m: :P
[13:32] Garath [1m<drago>[0m: lol
[13:33] Jenny [1m<drago>[0m: onkos nallukal accesii tanne?
[13:34] Jenny [1m<drago>[0m: ei sil taida olla accesii
[13:34] Jenny [1m<drago>[0m: saa rauhas valittaa :)
[13:36] Jenny [1m<drago>[0m: :P
[13:39] Garath [1m<drago>[0m: On sil
[13:40] Jenny [1m<drago>[0m: yhyy
[13:40] Garath [1m<drago>[0m: Mut siis taa ei oo channel_d:n kautta, vaan ton amuletin
[13:40] Jenny [1m<drago>[0m: tiergonil ei aineskaa oo
[13:40] Garath [1m<drago>[0m: Eli sen pitas klonee itelleen :P
[13:40] Jenny [1m<drago>[0m: nod
[13:40] Jenny [1m<drago>[0m: hihi
[13:40] Jenny [1m<drago>[0m: ei se osaa
[14:20] Jenny [1m<drago>[0m: pip
[13:35] Garath [1m<drago>[0m: bore :P
[23:45] Golthar [1m<drago>[0m: perkele
[14:12] Moonstar [1m<drago>[0m: say
[14:12] Moonstar [1m<drago>[0m: Ohos
[13:35] Yodin [1m<drago>[0m: kill monk
[13:35] Yodin [1m<drago>[0m: vittu
[23:55] Garath [1m<drago>[0m: mm
[00:11] Garath [1m<drago>[0m: N‰‰t t‰n kuitenki vissii? :P
[00:11] Walla [1m<drago>[0m: nod
[00:11] Garath [1m<drago>[0m: sikret kannu :P
[00:12] Walla [1m<drago>[0m: hitto mita suffelia
[00:13] Walla [1m<drago>[0m: hieno toi "drago last"
[12:53] Garath [1m<drago>[0m: :)
[12:53] Garath [1m<drago>[0m: who
[15:41] Garath [1m<drago>[0m: Sullaha nakyy taaki viel? :P
[17:56] Walla [1m<drago>[0m: da
[15:13] Garath [1m<drago>[0m: nii!
[15:25] Garath [1m<drago>[0m: Vielaks taa toimii sulla? :)
[15:26] Walla [1m<drago>[0m: juu
[15:26] Garath [1m<drago>[0m: Pakko teh joku drago who komento et nakee keta kaikkii on taalla :P
[15:26] Walla [1m<drago>[0m: who
[15:26] Garath [1m<drago>[0m: ei oo :P
[15:26] Walla [1m<drago>[0m: :)
[15:27] Walla [1m<drago>[0m: nii mika sun hieno idea oli?
[15:27] Walla [1m<drago>[0m: ai se who?
[15:28] Garath [1m<drago>[0m: Niin et tekee jonkun dragon arean X paikkaan
[15:28] Garath [1m<drago>[0m: Jossa olis pidempi questline
[15:28] Walla [1m<drago>[0m: juu...
[15:28] Garath [1m<drago>[0m: Et vaikka eka pitaa ympari maailmaa hakee pienii palasia jotka sitten yhdistaa
[15:28] Walla [1m<drago>[0m: itamaisia lohhareita vai fantasialohhareita?
[15:29] Garath [1m<drago>[0m: Peliin sopivia
[15:29] Garath [1m<drago>[0m: Et iha fantasiaa meinasin
[15:29] Garath [1m<drago>[0m: Tietenkin joitakin viittauksia vois yrittaa googlettaa ja kattoo jostain wikipediast
[15:29] Walla [1m<drago>[0m: olisko joku tyyliin sitten storylineen oleva "meteori" tms joka rajahtaa maahan, ja se sitten levittais niita palasia
[15:29] Garath [1m<drago>[0m: Jos jonkun hienon loren pystys rippaa siihe taustalle :P
[15:29] Garath [1m<drago>[0m: Njoo
[15:29] Garath [1m<drago>[0m: Mut ne pitas pystyy jotenki fiksusti erottelee, oisko varikoodit ?
[15:30] Walla [1m<drago>[0m: voi teha helposti
[15:30] Walla [1m<drago>[0m: ootas
[15:30] Garath [1m<drago>[0m: Koska tekstis erottelu vois olla hiema nihkeeta
[15:30] Garath [1m<drago>[0m: hmm
[15:30] Garath [1m<drago>[0m: Tost sain idiksen just :P
[15:31] Garath [1m<drago>[0m: Jos se questi alkais tosta necklacesta
[15:31] Garath [1m<drago>[0m: Jolla paasee jonkun maagisen barriarin lapi
[15:31] Garath [1m<drago>[0m: Ja sun pitaa kerata noit timantteja tohon full setti etta se rupeis toimimaan ? :)
[15:31] Garath [1m<drago>[0m: Ja ne timantit vois olla random drop mobeilta joiden lvl on yli X ?
[15:32] Garath [1m<drago>[0m: Tulis lisaa vaikeustasoa
[15:32] Garath [1m<drago>[0m: Esim joka 1000 mobi tiputtais
[15:32] Garath [1m<drago>[0m: No siis tarkotin et tekee necklacen tms. equn johon pitaa liittaa gemei jotka tippuu maailmalta
[15:32] Garath [1m<drago>[0m: en just tota necklacee :)
[15:33] Walla [1m<drago>[0m: vois olla ihan kova juttu kyl
[15:33] Walla [1m<drago>[0m: pitaa ottaa peperi ja kyna
[15:33] Garath [1m<drago>[0m: Jea
[15:33] Garath [1m<drago>[0m: Ja ofc rebootis haviais tuo
[15:34] Walla [1m<drago>[0m: eli bootissa pitais tappaa 5-10 x 1000 mobia?
[15:34] Garath [1m<drago>[0m: Et siihen tulee joku desci etta gemien teho haviaa ajan myota
[15:34] Walla [1m<drago>[0m: josta noi tippuu?
[15:34] Garath [1m<drago>[0m: Ei, gemit sailys
[15:34] Garath [1m<drago>[0m: Jos on lokero tms
[15:34] Walla [1m<drago>[0m: aajoo
[15:34] Walla [1m<drago>[0m: 5 diamondia pitaa siis loytaa
[15:34] Garath [1m<drago>[0m: Mut jos sa bindaat ne equun ni ne se saily
[15:34] Walla [1m<drago>[0m: tai 10
[15:34] Garath [1m<drago>[0m: Jep
[15:34] Walla [1m<drago>[0m: ja sitten ne pitaa liittaa johhonki alustaan
[15:34] Garath [1m<drago>[0m: Samal jengi pystys kauppaa niit
[15:34] Walla [1m<drago>[0m: voiks niita jotenki helposti laittaa random monsuihin
[15:35] Garath [1m<drago>[0m: Juu voi
[15:35] Walla [1m<drago>[0m: niin etta saattaa tulla ihan citizenista
[15:35] Walla [1m<drago>[0m: tai darvoxista
[15:35] Garath [1m<drago>[0m: implementoin random dropin monster inheritableen
[15:35] Garath [1m<drago>[0m: iha kaikkialta :p
[15:35] Walla [1m<drago>[0m: vautsi
[15:35] Walla [1m<drago>[0m: sit toi on pop
[15:35] Garath [1m<drago>[0m: Jep :P
[15:35] Walla [1m<drago>[0m: ja ne olis sitten tietenki uniikkeja
[15:35] Garath [1m<drago>[0m: Nop ?
[15:35] Walla [1m<drago>[0m: tai siis etta punanen daimondi on sama aina
[15:35] Garath [1m<drago>[0m: Siis jokaselle timantille tekee oman object.c:n
[15:36] Garath [1m<drago>[0m: etta pystyy sailyttaa lokerossa tms
[15:36] Walla [1m<drago>[0m: juu
[15:36] Garath [1m<drago>[0m: taitai hmm
[15:36] Garath [1m<drago>[0m: Pitasko sille teha oma gemisafe :/
[15:36] Walla [1m<drago>[0m: joka olis siella arean entrancella?
[15:36] Walla [1m<drago>[0m: jota ennen sinne ei paase
[15:36] Garath [1m<drago>[0m: fakirat, ku 10 gemii on aika tuskast sailyttaa, saati sitten keraa buutis
[15:37] Garath [1m<drago>[0m: hmm tajusin just et jos haluun teha level-checkerin minka tason mobeilta voi vaan tippua ni pitaa teha inner call_out :S
[15:37] Garath [1m<drago>[0m: Koska muuten se palauttaa 0-1 aina
[15:38] Walla [1m<drago>[0m: hmm
[15:38] Walla [1m<drago>[0m: mut mita valia jos ne tulee mista tahansa
[15:38] Garath [1m<drago>[0m: No kelasin ettei se tipu mistaan lvl1 mobeist ?
[15:38] Garath [1m<drago>[0m: ois turha helppoa haippojen farmaa ?
[15:38] Walla [1m<drago>[0m: no miksei?
[15:38] Walla [1m<drago>[0m: mjoo
[15:38] Garath [1m<drago>[0m: Ja tarkotus olis et ois highbie kilta
[15:38] Garath [1m<drago>[0m: TOSIN
[15:38] Walla [1m<drago>[0m: hei!!!
[15:38] Garath [1m<drago>[0m: Vois teha sillee et se skaalautuu
[15:38] Walla [1m<drago>[0m: voiks teha arrayn?
[15:38] Garath [1m<drago>[0m: Pienilt mosilt pieni chance, isoilt kovempi chance
[15:39] Garath [1m<drago>[0m: Millase arrayn ?
[15:39] Garath [1m<drago>[0m: 2d/3d ?
[15:39] Walla [1m<drago>[0m: 2d
[15:39] Walla [1m<drago>[0m: monsut x,y,z voi tiputtaa gemit 1, a,b,c:lta voi tulla 2, d,e,f voi tiputtaa kolmosen jne
[15:39] Garath [1m<drago>[0m: kauheesti duunia
[15:39] Garath [1m<drago>[0m: ruveta maarittelee yksittain
[15:40] Walla [1m<drago>[0m: silleen sais ehka jengia juoksemaan kans sellasissa paikoissa missa ei yleensa kayda
[15:40] Walla [1m<drago>[0m: tai sitten piilottais niita
[15:40] Garath [1m<drago>[0m: hmm, pakko researchaa jotain lorea
[15:40] Garath [1m<drago>[0m: Jos sais jotain avustust siita
[15:43] Walla [1m<drago>[0m: siis noita tarinoitahan on varmaan miljoonia, missa joku powerful object has been scattered to different corners of the world niin etta pahis ei pysty sita kokoomaan
[15:44] Walla [1m<drago>[0m: ma oon edelleenkin sita mielta etta joku meteoriitti iskeytyy ja rikkoo jotain
[15:45] Garath [1m<drago>[0m: Loyty jotain
[15:45] Garath [1m<drago>[0m: http://presentations.pppst.com/dragons.ppt
[15:45] Garath [1m<drago>[0m: Kato sivult 4 eteepai
[15:46] Walla [1m<drago>[0m: joo, eli pitaa kerata camel head, snake neck, fish scales, eagle claws, tiger paws, ox ears deer horns ja whiskers
[15:46] Walla [1m<drago>[0m: siina ois kaheksan
[15:47] Walla [1m<drago>[0m: yks vois viela olla etta sacrifice your soul
[15:47] Garath [1m<drago>[0m: tai sit siin lueteltiin eri dragoneit
[15:47] Garath [1m<drago>[0m: jos luet eteenpain
[15:47] Garath [1m<drago>[0m: ja niiden elementit / ominaisuudet
[15:49] Walla [1m<drago>[0m: http://en.wikipedia.org/wiki/Dragon
[15:52] Garath [1m<drago>[0m: mhm
[15:52] Garath [1m<drago>[0m: Mikaha ois sillee jarkeva toteuttaa
[15:52] Garath [1m<drago>[0m: ainoa keypoint mita ma haluaisin toteuttaa on etta se olis jotain uutta
[15:52] Garath [1m<drago>[0m: Eika mitaan kloonikiltaa jos vaan skillien ja spellien nimet on muutettu :/(
[15:53] Walla [1m<drago>[0m: olisko ne sit dragonlordeja?
[15:53] Garath [1m<drago>[0m: Dragonists
[15:53] Walla [1m<drago>[0m: pystyyko ne lentelemaan dragoilla?
[15:53] Walla [1m<drago>[0m: tai liikkumaan
[15:54] Garath [1m<drago>[0m: Lohikaarme on "ylvas" otus, niit ei pitas pystyy komentaa
[15:54] Garath [1m<drago>[0m: Vaan enemmanki etta ne on "companions"
[15:54] Walla [1m<drago>[0m: njuuh
[15:54] Walla [1m<drago>[0m: mut ma lahen nyt ajelemaan
[15:54] Garath [1m<drago>[0m: Ne on sun kanssa koska ne valitsee niin, ei niin etta sa valitset
[15:54] Garath [1m<drago>[0m: k mo
[15:54] Garath [1m<drago>[0m: ttyl
[15:54] Walla [1m<drago>[0m: spammaa tanne vaan
[15:54] Walla [1m<drago>[0m: ma lueskelen ku paasen himaan
[19:08] Walla [1m<drago>[0m: jos tekis silleen... etta vaikka 5 daimondia olis monsujen tiputettavna, 3-4 jossain huoneissa (dig ground) (pry piece from wall) (open cabinet, search cabinet, find false floor, open false floor, take piece) jne... ja sitten pari piecee silleen etta mee monsun luo, monsu antaa sulle jotain riddleja tai jotain kysymyksia johon pitaa vastata, tai antaa questin etta kay tappaa 100 dwarffia tms, ni saat palkinnon
[19:09] Walla [1m<drago>[0m: ja sitten olis viela se amulet johon ne pitaa pistaa (tai joku keskipala johon ne kaikki tulee, niin sen saa ku menee uhraamaan sielun jonnekki alttarille
[19:09] Walla [1m<drago>[0m: ja se pitaa teha sitten vasta kun on kaikki 10 kpl
[19:09] Walla [1m<drago>[0m: ja sille alltarille paasee jotain ihan hc-kautta jossa kans pitaa ettia kaikkee jannaa
[19:10] Walla [1m<drago>[0m: tyyliiin 2 leveria eri puolilla kontinetttia, ja pitaa pullata niita samaan aikaan
[19:10] Walla [1m<drago>[0m: jolloin kolmas ukko paasee sisalle jostain salaovesta
[19:15] Walla [1m<drago>[0m: tjsp :)
[22:42] Walla [1m<drago>[0m: lueppas /wizards/walla/drag
[22:42] Walla [1m<drago>[0m: siina mita keksin nyt nopeesti
[22:42] Walla [1m<drago>[0m: siina questia ja objuja ja vahan muuta salaa
[22:43] Walla [1m<drago>[0m: jos vaikuttaa hyvalta, niin greenlight ja go
[22:43] Walla [1m<drago>[0m: muuten, oon taas tuhlannu monta tuntia kallista aikaa :)
[11:02] Walla [1m<drago>[0m: pok
[11:02] Walla [1m<drago>[0m: katos last
[12:52] Garath [1m<drago>[0m: oho :)
[13:16] Walla [1m<drago>[0m: milta vaikuttaa?
[13:17] Garath [1m<drago>[0m: Hyvalta :)
[13:23] Walla [1m<drago>[0m: mites toteutus, onko noi mun jutut ihan mahottomia teha?
[20:39] Garath [1m<drago>[0m: aika ez tbh
[20:39] Garath [1m<drago>[0m: Toi lever-juttu tulee olemaan hintsusti advanced, joutuu tekee jonkinsortin daemonin tai sitten isomman huonekoodin
[20:40] Garath [1m<drago>[0m: Koska sen pitaa checkkaa et molemmat leverit vedetaan approx samaa aikaa
[21:15] Walla [1m<drago>[0m: eiks voi teha ihan vaan call_outilla
[21:15] Walla [1m<drago>[0m: int lever_pulled = 1;
[21:15] Walla [1m<drago>[0m: ja sitten call_out 5, int lever_pulled = 0;
[21:15] Walla [1m<drago>[0m: ja toiselle samanlainen, joka sitten jostain chekkaa
[21:15] Walla [1m<drago>[0m: mut mut, that's your problem...
[21:15] Walla [1m<drago>[0m: ma voin teha sen dirty workin, kuhan kerrot miten tehaan
[10:01] Garath [1m<drago>[0m: Sit pitas keksii tuo killan sisalto ja suunta. Celtti kun tuhos ajatuksen hastesta :<
[10:03] Garath [1m<drago>[0m: Pitasko sit menna tohon kaarmeen kanssa linkin vahvistamiseen tms. ? Petiks sita ei voi teha koska se on imo vaarin lorea kohtaan, eeeliikkaaa se vois teorias jakaa jotain tehtavia (?)
[11:57] Garath [1m<drago>[0m: hmm
[11:58] Garath [1m<drago>[0m: Noni, nyt pelkka 'drago' palauttaa keta nakee tan :P
[12:07] Walla [1m<drago>[0m: last palauttaa sit aina ykkosen viimesena
[12:07] Walla [1m<drago>[0m: drago last jopa
[12:07] Garath [1m<drago>[0m: Paivita sun amulettis
[12:08] Garath [1m<drago>[0m: dest amulet ja kloonaa uusiks
[12:08] Garath [1m<drago>[0m: Fiksailin hiema, se who ei oo mitaan kauheen kaunista atm, mut ei jaksanut hienosaataa :P
[12:08] Walla [1m<drago>[0m: aajee
[12:08] Garath [1m<drago>[0m: Nyt nakee jos joku snuuppailee :P
[12:08] Walla [1m<drago>[0m: nod
[12:09] Walla [1m<drago>[0m: puuh, alkaa javatentti vartin paasta:)
[12:09] Garath [1m<drago>[0m: Pitas yrittaa celtti houkutella tanne kertoo omii idiksii ja mika kelpaa :P
[12:09] Garath [1m<drago>[0m: hehe
[12:09] Garath [1m<drago>[0m: Luottavaisin mielin?
[12:09] Walla [1m<drago>[0m: empa tieda
[12:09] Garath [1m<drago>[0m: Onks tietoa mita siin kokees tullaan kasittelemaan ?
[12:09] Walla [1m<drago>[0m: kaikki mita kayty lapi, ja muodossa "sharp practice" eli 3 tehtavaa, kolme tuntia, ei apuvalineita
[12:10] Walla [1m<drago>[0m: eli ei varmaan mitaan ihan homovaikeeta
[12:10] Walla [1m<drago>[0m: mut pirun hyva idea
[12:10] Walla [1m<drago>[0m: kattoo heti etta kuka on tajunnu
[12:11] Garath [1m<drago>[0m: heh
[12:11] Garath [1m<drago>[0m: Halusiks kysella jotain eka ? :P
[12:11] Garath [1m<drago>[0m: Vai hiffasiks esim ne sisakkaiset luupit ?
[12:11] Garath [1m<drago>[0m: Se o voimakas feature
[12:12] Walla [1m<drago>[0m: ma joudun varmaan heittaa ton wlanin pois paalta
[12:12] Walla [1m<drago>[0m: ni ei pysty xiittaa
[12:12] Garath [1m<drago>[0m: :P
[12:12] Garath [1m<drago>[0m: Aika ihme ettei saa nettia kayttaa
[12:12] Walla [1m<drago>[0m: no just tan takia
[12:13] Walla [1m<drago>[0m: ircci auki jollekki javaguru-channulle
[12:13] Walla [1m<drago>[0m: mut saa vissiin kysella opettajalta jos ei jotain tajua
[12:13] Garath [1m<drago>[0m: heh
[12:13] Garath [1m<drago>[0m: No onnea toki matkaan :o)
[12:14] Walla [1m<drago>[0m: tjuuh
[12:14] Walla [1m<drago>[0m: kiits
[08:50] Walla [1m<drago>[0m: voiko lpc:ssa kayttaa for looppeja ihan normaalisti?
[22:44] Garath [1m<drago>[0m: Juu ?
[22:44] Garath [1m<drago>[0m: int i; for(i=0;i<10;i++) { write(i+"\n"); }
[22:45] Garath [1m<drago>[0m: Printtaa 0->9
[22:45] Walla [1m<drago>[0m: rock
