2004.05.15 17:31 B C:\Jaakko\sorcerers\tower\floor1\basement.c --> quest.laeppae.com /guilds/sorcerer/tower/floor1 basement.c
2004.05.15 17:31 B C:\Jaakko\sorcerers\tower\floor1\room1.c --> quest.laeppae.com /guilds/sorcerer/tower/floor1 room1.c
2004.05.15 17:31 B C:\Jaakko\sorcerers\tower\floor1\room10.c --> quest.laeppae.com /guilds/sorcerer/tower/floor1 room10.c
2004.05.15 17:31 B C:\Jaakko\sorcerers\tower\floor1\room11.c --> quest.laeppae.com /guilds/sorcerer/tower/floor1 room11.c
2004.05.15 17:31 B C:\Jaakko\sorcerers\tower\floor1\room12.c --> quest.laeppae.com /guilds/sorcerer/tower/floor1 room12.c
2004.05.15 17:31 B C:\Jaakko\sorcerers\tower\floor1\room2.c --> quest.laeppae.com /guilds/sorcerer/tower/floor1 room2.c
2004.05.15 17:31 B C:\Jaakko\sorcerers\tower\floor1\room3.c --> quest.laeppae.com /guilds/sorcerer/tower/floor1 room3.c
2004.05.15 17:31 B C:\Jaakko\sorcerers\tower\floor1\room4.c --> quest.laeppae.com /guilds/sorcerer/tower/floor1 room4.c
2004.05.15 17:31 B C:\Jaakko\sorcerers\tower\floor1\room5.c --> quest.laeppae.com /guilds/sorcerer/tower/floor1 room5.c
2004.05.15 17:31 B C:\Jaakko\sorcerers\tower\floor1\room6.c --> quest.laeppae.com /guilds/sorcerer/tower/floor1 room6.c
2004.05.15 17:31 B C:\Jaakko\sorcerers\tower\floor1\room7.c --> quest.laeppae.com /guilds/sorcerer/tower/floor1 room7.c
2004.05.15 17:31 B C:\Jaakko\sorcerers\tower\floor1\room8.c --> quest.laeppae.com /guilds/sorcerer/tower/floor1 room8.c
2004.05.15 17:31 B C:\Jaakko\sorcerers\tower\floor1\room9.c --> quest.laeppae.com /guilds/sorcerer/tower/floor1 room9.c
2004.05.15 17:34 B C:\Jaakko\sorcerers\tower\floor1\basement.c --> quest.laeppae.com /wizards/moonstar/sorcerers/tower/floor1 basement.c
2004.05.15 17:34 B C:\Jaakko\sorcerers\tower\floor1\room1.c --> quest.laeppae.com /wizards/moonstar/sorcerers/tower/floor1 room1.c
2004.05.15 17:34 B C:\Jaakko\sorcerers\tower\floor1\room10.c --> quest.laeppae.com /wizards/moonstar/sorcerers/tower/floor1 room10.c
2004.05.15 17:34 B C:\Jaakko\sorcerers\tower\floor1\room11.c --> quest.laeppae.com /wizards/moonstar/sorcerers/tower/floor1 room11.c
2004.05.15 17:34 B C:\Jaakko\sorcerers\tower\floor1\room12.c --> quest.laeppae.com /wizards/moonstar/sorcerers/tower/floor1 room12.c
2004.05.15 17:34 B C:\Jaakko\sorcerers\tower\floor1\room2.c --> quest.laeppae.com /wizards/moonstar/sorcerers/tower/floor1 room2.c
2004.05.15 17:34 B C:\Jaakko\sorcerers\tower\floor1\room3.c --> quest.laeppae.com /wizards/moonstar/sorcerers/tower/floor1 room3.c
2004.05.15 17:34 B C:\Jaakko\sorcerers\tower\floor1\room4.c --> quest.laeppae.com /wizards/moonstar/sorcerers/tower/floor1 room4.c
2004.05.15 17:34 B C:\Jaakko\sorcerers\tower\floor1\room5.c --> quest.laeppae.com /wizards/moonstar/sorcerers/tower/floor1 room5.c
2004.05.15 17:34 B C:\Jaakko\sorcerers\tower\floor1\room6.c --> quest.laeppae.com /wizards/moonstar/sorcerers/tower/floor1 room6.c
2004.05.15 17:34 B C:\Jaakko\sorcerers\tower\floor1\room7.c --> quest.laeppae.com /wizards/moonstar/sorcerers/tower/floor1 room7.c
2004.05.15 17:34 B C:\Jaakko\sorcerers\tower\floor1\room8.c --> quest.laeppae.com /wizards/moonstar/sorcerers/tower/floor1 room8.c
2004.05.15 17:34 B C:\Jaakko\sorcerers\tower\floor1\room9.c --> quest.laeppae.com /wizards/moonstar/sorcerers/tower/floor1 room9.c
2004.05.15 17:34 B C:\Jaakko\sorcerers\tower\floor1\WS_FTP.LOG --> quest.laeppae.com /wizards/moonstar/sorcerers/tower/floor1 WS_FTP.LOG
2004.05.15 17:41 B C:\Jaakko\sorcerers\tower\floor1\basement.c --> quest.laeppae.com /wizards/moonstar/sorcerers/tower/floor1 basement.c
2004.05.15 17:41 B C:\Jaakko\sorcerers\tower\floor1\room1.c --> quest.laeppae.com /wizards/moonstar/sorcerers/tower/floor1 room1.c
2004.05.15 17:41 B C:\Jaakko\sorcerers\tower\floor1\room10.c --> quest.laeppae.com /wizards/moonstar/sorcerers/tower/floor1 room10.c
2004.05.15 17:41 B C:\Jaakko\sorcerers\tower\floor1\room11.c --> quest.laeppae.com /wizards/moonstar/sorcerers/tower/floor1 room11.c
2004.05.15 17:41 B C:\Jaakko\sorcerers\tower\floor1\room12.c --> quest.laeppae.com /wizards/moonstar/sorcerers/tower/floor1 room12.c
2004.05.15 17:41 B C:\Jaakko\sorcerers\tower\floor1\room2.c --> quest.laeppae.com /wizards/moonstar/sorcerers/tower/floor1 room2.c
2004.05.15 17:41 B C:\Jaakko\sorcerers\tower\floor1\room3.c --> quest.laeppae.com /wizards/moonstar/sorcerers/tower/floor1 room3.c
2004.05.15 17:41 B C:\Jaakko\sorcerers\tower\floor1\room4.c --> quest.laeppae.com /wizards/moonstar/sorcerers/tower/floor1 room4.c
2004.05.15 17:41 B C:\Jaakko\sorcerers\tower\floor1\room5.c --> quest.laeppae.com /wizards/moonstar/sorcerers/tower/floor1 room5.c
2004.05.15 17:41 B C:\Jaakko\sorcerers\tower\floor1\room6.c --> quest.laeppae.com /wizards/moonstar/sorcerers/tower/floor1 room6.c
2004.05.15 17:41 B C:\Jaakko\sorcerers\tower\floor1\room7.c --> quest.laeppae.com /wizards/moonstar/sorcerers/tower/floor1 room7.c
2004.05.15 17:41 B C:\Jaakko\sorcerers\tower\floor1\room8.c --> quest.laeppae.com /wizards/moonstar/sorcerers/tower/floor1 room8.c
2004.05.15 17:41 B C:\Jaakko\sorcerers\tower\floor1\room9.c --> quest.laeppae.com /wizards/moonstar/sorcerers/tower/floor1 room9.c
