2004.03.15 22:18 B C:\Jaakko\darke\mobs\big_guard.c <-- quest /wizards/gynter/darke/mobs big_guard.c
2004.03.15 22:18 B C:\Jaakko\darke\mobs\citizen.c <-- quest /wizards/gynter/darke/mobs citizen.c
2004.03.15 22:18 B C:\Jaakko\darke\mobs\delf.c <-- quest /wizards/gynter/darke/mobs delf.c
2004.03.15 22:18 B C:\Jaakko\darke\mobs\dummy.c <-- quest /wizards/gynter/darke/mobs dummy.c
2004.03.15 22:18 B C:\Jaakko\darke\mobs\elf.c <-- quest /wizards/gynter/darke/mobs elf.c
2004.03.15 22:18 B C:\Jaakko\darke\mobs\gate_guards.c <-- quest /wizards/gynter/darke/mobs gate_guards.c
2004.03.15 22:18 B C:\Jaakko\darke\mobs\lazy_guards.c <-- quest /wizards/gynter/darke/mobs lazy_guards.c
2004.03.15 22:18 B C:\Jaakko\darke\mobs\lovers.c <-- quest /wizards/gynter/darke/mobs lovers.c
2004.03.15 22:18 B C:\Jaakko\darke\mobs\oldelf.c <-- quest /wizards/gynter/darke/mobs oldelf.c
2004.03.15 22:18 B C:\Jaakko\darke\mobs\rat.c <-- quest /wizards/gynter/darke/mobs rat.c
2004.03.15 22:18 B C:\Jaakko\darke\mobs\worker.c <-- quest /wizards/gynter/darke/mobs worker.c
2004.03.15 22:55 B C:\Jaakko\darke\mobs\big_guard.c --> quest.laeppae.com /wizards/moonstar/darke/mobs big_guard.c
2004.03.15 22:55 B C:\Jaakko\darke\mobs\citizen.c --> quest.laeppae.com /wizards/moonstar/darke/mobs citizen.c
2004.03.15 22:55 B C:\Jaakko\darke\mobs\delf.c --> quest.laeppae.com /wizards/moonstar/darke/mobs delf.c
2004.03.15 22:55 B C:\Jaakko\darke\mobs\dummy.c --> quest.laeppae.com /wizards/moonstar/darke/mobs dummy.c
2004.03.15 22:55 B C:\Jaakko\darke\mobs\elf.c --> quest.laeppae.com /wizards/moonstar/darke/mobs elf.c
2004.03.15 22:55 B C:\Jaakko\darke\mobs\gate_guards.c --> quest.laeppae.com /wizards/moonstar/darke/mobs gate_guards.c
2004.03.15 22:55 B C:\Jaakko\darke\mobs\lazy_guards.c --> quest.laeppae.com /wizards/moonstar/darke/mobs lazy_guards.c
2004.03.15 22:55 B C:\Jaakko\darke\mobs\lovers.c --> quest.laeppae.com /wizards/moonstar/darke/mobs lovers.c
2004.03.15 22:55 B C:\Jaakko\darke\mobs\oldelf.c --> quest.laeppae.com /wizards/moonstar/darke/mobs oldelf.c
2004.03.15 22:55 B C:\Jaakko\darke\mobs\rat.c --> quest.laeppae.com /wizards/moonstar/darke/mobs rat.c
2004.03.15 22:55 B C:\Jaakko\darke\mobs\worker.c --> quest.laeppae.com /wizards/moonstar/darke/mobs worker.c
2004.03.15 22:55 B C:\Jaakko\darke\mobs\WS_FTP.LOG --> quest.laeppae.com /wizards/moonstar/darke/mobs WS_FTP.LOG
