2006.04.02 06:30:25 LDMud 3.2.10 (3-2-rel.10)
2006.04.02 06:30:25 Random seed: 0x442f4551
2006.04.02 06:30:25 Attempting to start erq '/home/quest/mud/ld_bin/erq'
2006.04.02 06:30:25 Failed to start erq.
2006.04.02 06:30:25 Hostname 'flake.tky.hut.fi' address '130.233.18.211'
2006.04.02 06:30:25 UDP recv-socket requested for port: 4246
Loading init file /obj/init_file
Preloading: obj/living 0.01
Preloading: obj/monster 0.01
Preloading: obj/weapon 0.00
Preloading: obj/armour 0.00
Preloading: obj/timer 0.00
Preloading: obj/wizlist 0.00
Preloading: guilds/obj/skillfun 0.00
Preloading: room/banish_d 0.00
Preloading: room/house_shop_d 0.00
Preloading: daemons/explist 0.00
Preloading: daemons/channel_d 0.01
Preloading: std/user_meter 0.14
Preloading: daemons/lotto 0.01
Preloading: room/out/outmap 0.03
Preloading: daemons/mastery_d 0.00
Preloading: wizards/moonstar/muut/map 0.00
2006.04.02 06:30:26 LDMud ready for users.
2006.04.02 07:58:41 Caught error: Bad argument 1 to call_other()
'         logon2' in '        obj/player.c' ('       obj/player#45') line 442
'        cmd_who' in '     cmds/std/_who.c' ('       cmds/std/_who') line 134
'   filter_users' in '     cmds/std/_who.c' ('       cmds/std/_who') line 70
'          short' in '        obj/player.c' ('       obj/player#44') line 1876
'query_highest_rank' in 'daemons/guildrank_d.c' (' daemons/guildrank_d') line 425
'count_rank_score' in 'daemons/guildrank_d.c' (' daemons/guildrank_d') line 387
'          CATCH' in                        (' daemons/guildrank_d')
<lambda 0x8204599> in 'guilds/sorcerer/bak.staff.c' ('guilds/sorcerer/bak.staff') offset 11
'          reset' in '        obj/weapon.c' ('guilds/sorcerer/bak.staff') line 102
'          start' in 'guilds/sorcerer/bak.staff.c' ('guilds/sorcerer/bak.staff') line 25
2006.04.02 07:58:41 ... execution continues.
2006.04.02 08:20:56 Bad argument 1 to call_other()
2006.04.02 08:20:56 program: guilds/sorcerer/staff.c, object: guilds/sorcerer/staff line 21
'          reset' in 'guilds/sorcerer/staff.c' ('guilds/sorcerer/staff') line 21
2006.04.02 08:20:56 Error in process_objects().
2006.04.02 08:24:58 Bad argument 1 to call_other()
2006.04.02 08:24:58 program: obj/weapon.c, object: world/eq/weapons/halberd#192 line 287
'          reset' in 'guilds/mage/monsters/guard.c' ('guilds/mage/monsters/guard#112') line 28
<lambda 0x820456d> in 'world/eq/weapons/halberd.c' ('world/eq/weapons/halberd#192') offset 11
'          reset' in '        obj/weapon.c' ('world/eq/weapons/halberd#192') line 104
'add_weapon_data' in '      std/eq_track.c' ('        std/eq_track') line 68
'          short' in '        obj/weapon.c' ('world/eq/weapons/halberd#192') line 287
2006.04.02 08:24:58 Error in process_objects().
2006.04.02 08:26:04 Bad argument 1 to call_other()
2006.04.02 08:26:04 program: obj/weapon.c, object: world/eq/weapons/halberd#194 line 287
'          reset' in 'guilds/mage/monsters/guard.c' ('guilds/mage/monsters/guard#115') line 28
<lambda 0x820456d> in 'world/eq/weapons/halberd.c' ('world/eq/weapons/halberd#194') offset 11
'          reset' in '        obj/weapon.c' ('world/eq/weapons/halberd#194') line 104
'add_weapon_data' in '      std/eq_track.c' ('        std/eq_track') line 68
'          short' in '        obj/weapon.c' ('world/eq/weapons/halberd#194') line 287
2006.04.02 08:26:04 Error in process_objects().
2006.04.02 08:41:08 Bad argument 1 to call_other()
2006.04.02 08:41:08 program: guilds/sorcerer/staff.c, object: guilds/sorcerer/staff line 21
'          reset' in 'guilds/sorcerer/staff.c' ('guilds/sorcerer/staff') line 21
2006.04.02 08:41:08 Error in process_objects().
2006.04.02 08:41:14 Bad argument 1 to call_other()
2006.04.02 08:41:14 program: obj/weapon.c, object: world/eq/weapons/halberd#203 line 287
'          reset' in 'guilds/mage/monsters/guard.c' ('guilds/mage/monsters/guard#112') line 28
<lambda 0x820456d> in 'world/eq/weapons/halberd.c' ('world/eq/weapons/halberd#203') offset 11
'          reset' in '        obj/weapon.c' ('world/eq/weapons/halberd#203') line 104
'add_weapon_data' in '      std/eq_track.c' ('        std/eq_track') line 68
'          short' in '        obj/weapon.c' ('world/eq/weapons/halberd#203') line 287
2006.04.02 08:41:14 Error in process_objects().
2006.04.02 08:50:22 Bad argument 1 to call_other()
2006.04.02 08:50:22 program: obj/weapon.c, object: world/eq/weapons/halberd#208 line 287
'          reset' in 'guilds/mage/monsters/guard.c' ('guilds/mage/monsters/guard#115') line 28
<lambda 0x820456d> in 'world/eq/weapons/halberd.c' ('world/eq/weapons/halberd#208') offset 11
'          reset' in '        obj/weapon.c' ('world/eq/weapons/halberd#208') line 104
'add_weapon_data' in '      std/eq_track.c' ('        std/eq_track') line 68
'          short' in '        obj/weapon.c' ('world/eq/weapons/halberd#208') line 287
2006.04.02 08:50:22 Error in process_objects().
2006.04.02 08:56:15 Bad argument 1 to call_other()
2006.04.02 08:56:15 program: guilds/sorcerer/staff.c, object: guilds/sorcerer/staff line 21
'          reset' in 'guilds/sorcerer/staff.c' ('guilds/sorcerer/staff') line 21
2006.04.02 08:56:15 Error in process_objects().
2006.04.02 09:01:33 Bad argument 1 to call_other()
2006.04.02 09:01:33 program: obj/weapon.c, object: world/eq/weapons/halberd#216 line 287
'          reset' in 'guilds/mage/monsters/guard.c' ('guilds/mage/monsters/guard#112') line 28
<lambda 0x820456d> in 'world/eq/weapons/halberd.c' ('world/eq/weapons/halberd#216') offset 11
'          reset' in '        obj/weapon.c' ('world/eq/weapons/halberd#216') line 104
'add_weapon_data' in '      std/eq_track.c' ('        std/eq_track') line 68
'          short' in '        obj/weapon.c' ('world/eq/weapons/halberd#216') line 287
2006.04.02 09:01:33 Error in process_objects().
2006.04.02 09:11:19 Bad argument 1 to call_other()
2006.04.02 09:11:19 program: obj/weapon.c, object: world/eq/weapons/halberd#222 line 287
'          reset' in 'guilds/mage/monsters/guard.c' ('guilds/mage/monsters/guard#115') line 28
<lambda 0x820456d> in 'world/eq/weapons/halberd.c' ('world/eq/weapons/halberd#222') offset 11
'          reset' in '        obj/weapon.c' ('world/eq/weapons/halberd#222') line 104
'add_weapon_data' in '      std/eq_track.c' ('        std/eq_track') line 68
'          short' in '        obj/weapon.c' ('world/eq/weapons/halberd#222') line 287
2006.04.02 09:11:19 Error in process_objects().
2006.04.02 09:12:07 Bad argument 1 to call_other()
2006.04.02 09:12:07 program: guilds/sorcerer/staff.c, object: guilds/sorcerer/staff line 21
'          reset' in 'guilds/sorcerer/staff.c' ('guilds/sorcerer/staff') line 21
2006.04.02 09:12:07 Error in process_objects().
2006.04.02 09:20:23 Bad argument 1 to call_other()
2006.04.02 09:20:23 program: obj/weapon.c, object: world/eq/weapons/halberd#228 line 287
'          reset' in 'guilds/mage/monsters/guard.c' ('guilds/mage/monsters/guard#112') line 28
<lambda 0x820456d> in 'world/eq/weapons/halberd.c' ('world/eq/weapons/halberd#228') offset 11
'          reset' in '        obj/weapon.c' ('world/eq/weapons/halberd#228') line 104
'add_weapon_data' in '      std/eq_track.c' ('        std/eq_track') line 68
'          short' in '        obj/weapon.c' ('world/eq/weapons/halberd#228') line 287
2006.04.02 09:20:23 Error in process_objects().
2006.04.02 09:32:11 Bad argument 1 to call_other()
2006.04.02 09:32:11 program: obj/weapon.c, object: world/eq/weapons/halberd#236 line 287
'          reset' in 'guilds/mage/monsters/guard.c' ('guilds/mage/monsters/guard#115') line 28
<lambda 0x820456d> in 'world/eq/weapons/halberd.c' ('world/eq/weapons/halberd#236') offset 11
'          reset' in '        obj/weapon.c' ('world/eq/weapons/halberd#236') line 104
'add_weapon_data' in '      std/eq_track.c' ('        std/eq_track') line 68
'          short' in '        obj/weapon.c' ('world/eq/weapons/halberd#236') line 287
2006.04.02 09:32:11 Error in process_objects().
2006.04.02 09:34:29 Bad argument 1 to call_other()
2006.04.02 09:34:29 program: guilds/sorcerer/staff.c, object: guilds/sorcerer/staff line 21
'          reset' in 'guilds/sorcerer/staff.c' ('guilds/sorcerer/staff') line 21
2006.04.02 09:34:29 Error in process_objects().
