2004.05.23 13:07 B C:\Jaakko\temple\monk.c <-- Quest /wizards/rimber/temple monk.c
2004.05.23 13:07 B C:\Jaakko\temple\pohja <-- Quest /wizards/rimber/temple pohja
2004.05.23 13:07 B C:\Jaakko\temple\room1.c <-- Quest /wizards/rimber/temple room1.c
2004.05.23 13:07 B C:\Jaakko\temple\room10.c <-- Quest /wizards/rimber/temple room10.c
2004.05.23 13:07 B C:\Jaakko\temple\room11.c <-- Quest /wizards/rimber/temple room11.c
2004.05.23 13:07 B C:\Jaakko\temple\room12.c <-- Quest /wizards/rimber/temple room12.c
2004.05.23 13:07 B C:\Jaakko\temple\room13.c <-- Quest /wizards/rimber/temple room13.c
2004.05.23 13:07 B C:\Jaakko\temple\room14.c <-- Quest /wizards/rimber/temple room14.c
2004.05.23 13:07 B C:\Jaakko\temple\room15.c <-- Quest /wizards/rimber/temple room15.c
2004.05.23 13:07 B C:\Jaakko\temple\room2.c <-- Quest /wizards/rimber/temple room2.c
2004.05.23 13:07 B C:\Jaakko\temple\room3.c <-- Quest /wizards/rimber/temple room3.c
2004.05.23 13:07 B C:\Jaakko\temple\room4.c <-- Quest /wizards/rimber/temple room4.c
2004.05.23 13:07 B C:\Jaakko\temple\room5.c <-- Quest /wizards/rimber/temple room5.c
2004.05.23 13:07 B C:\Jaakko\temple\room6.c <-- Quest /wizards/rimber/temple room6.c
2004.05.23 13:07 B C:\Jaakko\temple\room7.c <-- Quest /wizards/rimber/temple room7.c
2004.05.23 13:07 B C:\Jaakko\temple\room8.c <-- Quest /wizards/rimber/temple room8.c
2004.05.23 13:07 B C:\Jaakko\temple\room9.c <-- Quest /wizards/rimber/temple room9.c
2004.05.23 13:10 B C:\Jaakko\temple\room1.c --> quest.laeppae.com /wizards/rimber/temple room1.c
2004.05.23 13:10 B C:\Jaakko\temple\room10.c --> quest.laeppae.com /wizards/rimber/temple room10.c
2004.05.23 13:10 B C:\Jaakko\temple\room11.c --> quest.laeppae.com /wizards/rimber/temple room11.c
2004.05.23 13:10 B C:\Jaakko\temple\room12.c --> quest.laeppae.com /wizards/rimber/temple room12.c
2004.05.23 13:10 B C:\Jaakko\temple\room13.c --> quest.laeppae.com /wizards/rimber/temple room13.c
2004.05.23 13:10 B C:\Jaakko\temple\room14.c --> quest.laeppae.com /wizards/rimber/temple room14.c
2004.05.23 13:10 B C:\Jaakko\temple\room15.c --> quest.laeppae.com /wizards/rimber/temple room15.c
2004.05.23 13:10 B C:\Jaakko\temple\room2.c --> quest.laeppae.com /wizards/rimber/temple room2.c
2004.05.23 13:10 B C:\Jaakko\temple\room3.c --> quest.laeppae.com /wizards/rimber/temple room3.c
2004.05.23 13:10 B C:\Jaakko\temple\room4.c --> quest.laeppae.com /wizards/rimber/temple room4.c
2004.05.23 13:10 B C:\Jaakko\temple\room5.c --> quest.laeppae.com /wizards/rimber/temple room5.c
2004.05.23 13:10 B C:\Jaakko\temple\room6.c --> quest.laeppae.com /wizards/rimber/temple room6.c
2004.05.23 13:10 B C:\Jaakko\temple\room7.c --> quest.laeppae.com /wizards/rimber/temple room7.c
2004.05.23 13:10 B C:\Jaakko\temple\room8.c --> quest.laeppae.com /wizards/rimber/temple room8.c
2004.05.23 13:10 B C:\Jaakko\temple\room9.c --> quest.laeppae.com /wizards/rimber/temple room9.c
2004.05.23 13:10 B C:\Jaakko\temple\WS_FTP.LOG --> quest.laeppae.com /wizards/rimber/temple WS_FTP.LOG
2004.05.23 13:13 B C:\Jaakko\temple\room1.c --> quest.laeppae.com /wizards/rimber/temple room1.c
2004.05.23 13:13 B C:\Jaakko\temple\room10.c --> quest.laeppae.com /wizards/rimber/temple room10.c
2004.05.23 13:13 B C:\Jaakko\temple\room11.c --> quest.laeppae.com /wizards/rimber/temple room11.c
2004.05.23 13:13 B C:\Jaakko\temple\room12.c --> quest.laeppae.com /wizards/rimber/temple room12.c
2004.05.23 13:13 B C:\Jaakko\temple\room13.c --> quest.laeppae.com /wizards/rimber/temple room13.c
2004.05.23 13:13 B C:\Jaakko\temple\room14.c --> quest.laeppae.com /wizards/rimber/temple room14.c
2004.05.23 13:13 B C:\Jaakko\temple\room15.c --> quest.laeppae.com /wizards/rimber/temple room15.c
2004.05.23 13:13 B C:\Jaakko\temple\room2.c --> quest.laeppae.com /wizards/rimber/temple room2.c
2004.05.23 13:13 B C:\Jaakko\temple\room3.c --> quest.laeppae.com /wizards/rimber/temple room3.c
2004.05.23 13:13 B C:\Jaakko\temple\room4.c --> quest.laeppae.com /wizards/rimber/temple room4.c
2004.05.23 13:13 B C:\Jaakko\temple\room5.c --> quest.laeppae.com /wizards/rimber/temple room5.c
2004.05.23 13:13 B C:\Jaakko\temple\room6.c --> quest.laeppae.com /wizards/rimber/temple room6.c
2004.05.23 13:13 B C:\Jaakko\temple\room7.c --> quest.laeppae.com /wizards/rimber/temple room7.c
2004.05.23 13:13 B C:\Jaakko\temple\room8.c --> quest.laeppae.com /wizards/rimber/temple room8.c
2004.05.23 13:13 B C:\Jaakko\temple\room9.c --> quest.laeppae.com /wizards/rimber/temple room9.c
