2004.03.15 22:18 B C:\Jaakko\darke\virtual\bak_virtual_map <-- quest /wizards/gynter/darke/virtual bak_virtual_map
2004.03.15 22:18 B C:\Jaakko\darke\virtual\city_road.c <-- quest /wizards/gynter/darke/virtual city_road.c
2004.03.15 22:18 B C:\Jaakko\darke\virtual\cityentr.bak <-- quest /wizards/gynter/darke/virtual cityentr.bak
2004.03.15 22:18 B C:\Jaakko\darke\virtual\cityentr.c <-- quest /wizards/gynter/darke/virtual cityentr.c
2004.03.15 22:18 B C:\Jaakko\darke\virtual\elfdie.c <-- quest /wizards/gynter/darke/virtual elfdie.c
2004.03.15 22:18 B C:\Jaakko\darke\virtual\narrow_tunnel.c <-- quest /wizards/gynter/darke/virtual narrow_tunnel.c
2004.03.15 22:18 B C:\Jaakko\darke\virtual\passage.c <-- quest /wizards/gynter/darke/virtual passage.c
2004.03.15 22:18 B C:\Jaakko\darke\virtual\traingr.c <-- quest /wizards/gynter/darke/virtual traingr.c
2004.03.15 22:18 B C:\Jaakko\darke\virtual\tunnel.c <-- quest /wizards/gynter/darke/virtual tunnel.c
2004.03.15 22:18 B C:\Jaakko\darke\virtual\virtual_map.c <-- quest /wizards/gynter/darke/virtual virtual_map.c
2004.03.15 22:55 B C:\Jaakko\darke\virtual\bak_virtual_map --> quest.laeppae.com /wizards/moonstar/darke/virtual bak_virtual_map
2004.03.15 22:55 B C:\Jaakko\darke\virtual\city_road.c --> quest.laeppae.com /wizards/moonstar/darke/virtual city_road.c
2004.03.15 22:55 B C:\Jaakko\darke\virtual\cityentr.bak --> quest.laeppae.com /wizards/moonstar/darke/virtual cityentr.bak
2004.03.15 22:55 B C:\Jaakko\darke\virtual\cityentr.c --> quest.laeppae.com /wizards/moonstar/darke/virtual cityentr.c
2004.03.15 22:55 B C:\Jaakko\darke\virtual\elfdie.c --> quest.laeppae.com /wizards/moonstar/darke/virtual elfdie.c
2004.03.15 22:55 B C:\Jaakko\darke\virtual\narrow_tunnel.c --> quest.laeppae.com /wizards/moonstar/darke/virtual narrow_tunnel.c
2004.03.15 22:55 B C:\Jaakko\darke\virtual\passage.c --> quest.laeppae.com /wizards/moonstar/darke/virtual passage.c
2004.03.15 22:55 B C:\Jaakko\darke\virtual\traingr.c --> quest.laeppae.com /wizards/moonstar/darke/virtual traingr.c
2004.03.15 22:55 B C:\Jaakko\darke\virtual\tunnel.c --> quest.laeppae.com /wizards/moonstar/darke/virtual tunnel.c
2004.03.15 22:55 B C:\Jaakko\darke\virtual\virtual_map.c --> quest.laeppae.com /wizards/moonstar/darke/virtual virtual_map.c
2004.03.15 22:55 B C:\Jaakko\darke\virtual\WS_FTP.LOG --> quest.laeppae.com /wizards/moonstar/darke/virtual WS_FTP.LOG
